[Log DEBUG] 25.05.2022 21:04:54
Additional info. List Mode: GetByID(). User Chat Id:406863197.
============================
GetByID: object with ID 406863197 is found. It's FastFood_Bot.
============================
Thread information:
Thread ID:         6
Thread State:      Background
Thread Priority:   Normal
Is thread alive:   True
Background:        True
Thread Pool:       True
============================
[Log INFO] 25.05.2022 21:04:57
============================
Telegram Update Type: CallbackQuery
ID:406863197
Message:/burger
Username:
First Name:FastFood_Bot. Last Name:.
============================
Thread information:
Thread ID:         5
Thread State:      Background
Thread Priority:   Normal
Is thread alive:   True
Background:        True
Thread Pool:       True
============================
[Log DEBUG] 25.05.2022 21:04:57
Additional info. List Mode: GetByID(). User Chat Id:406863197.
============================
GetByID: object with ID 406863197 is found. It's FastFood_Bot.
============================
Thread information:
Thread ID:         5
Thread State:      Background
Thread Priority:   Normal
Is thread alive:   True
Background:        True
Thread Pool:       True
============================
[Log DEBUG] 25.05.2022 21:04:57
Additional info. List Mode: GetByID(). User Chat Id:406863197.
============================
GetByID: object with ID 406863197 is found. It's FastFood_Bot.
============================
Thread information:
Thread ID:         5
Thread State:      Background
Thread Priority:   Normal
Is thread alive:   True
Background:        True
Thread Pool:       True
============================
[Log DEBUG] 25.05.2022 21:04:57
Additional info. List Mode: GetByID(). User Chat Id:406863197.
============================
GetByID: object with ID 406863197 is found. It's FastFood_Bot.
============================
Thread information:
Thread ID:         5
Thread State:      Background
Thread Priority:   Normal
Is thread alive:   True
Background:        True
Thread Pool:       True
============================
[Log DEBUG] 25.05.2022 21:04:57
Additional info. List Mode: GetByID(). User Chat Id:406863197.
============================
GetByID: object with ID 406863197 is found. It's FastFood_Bot.
============================
Thread information:
Thread ID:         5
Thread State:      Background
Thread Priority:   Normal
Is thread alive:   True
Background:        True
Thread Pool:       True
============================
[Log INFO] 25.05.2022 21:05:04
============================
Telegram Update Type: CallbackQuery
ID:406863197
Message:/cart id*2537c1dc-35fe-4ab8-a432-7aabcb2c304b
Username:
First Name:FastFood_Bot. Last Name:.
============================
Thread information:
Thread ID:         5
Thread State:      Background
Thread Priority:   Normal
Is thread alive:   True
Background:        True
Thread Pool:       True
============================
[Log DEBUG] 25.05.2022 21:05:04
Additional info. List Mode: GetByID(). User Chat Id:406863197.
============================
GetByID: object with ID 406863197 is found. It's FastFood_Bot.
============================
Thread information:
Thread ID:         5
Thread State:      Background
Thread Priority:   Normal
Is thread alive:   True
Background:        True
Thread Pool:       True
============================
[Log DEBUG] 25.05.2022 21:05:04
Additional info. List Mode: GetByID(). User Chat Id:406863197.
============================
GetByID: object with ID 406863197 is found. It's FastFood_Bot.
============================
Thread information:
Thread ID:         5
Thread State:      Background
Thread Priority:   Normal
Is thread alive:   True
Background:        True
Thread Pool:       True
============================
[Log INFO] 25.05.2022 21:05:07
============================
Telegram Update Type: Message
ID:406863197
Message:4
Username:
First Name:Mike. Last Name:N..
============================
Thread information:
Thread ID:         5
Thread State:      Background
Thread Priority:   Normal
Is thread alive:   True
Background:        True
Thread Pool:       True
============================
[Log DEBUG] 25.05.2022 21:05:07
Additional info. List Mode: GetByID(). User Chat Id:406863197.
============================
GetByID: object with ID 406863197 is found. It's FastFood_Bot.
============================
Thread information:
Thread ID:         5
Thread State:      Background
Thread Priority:   Normal
Is thread alive:   True
Background:        True
Thread Pool:       True
============================
[Log DEBUG] 25.05.2022 21:05:07
Additional info. List Mode: GetByID(). User Chat Id:406863197.
============================
GetByID: object with ID 406863197 is found. It's FastFood_Bot.
============================
Thread information:
Thread ID:         5
Thread State:      Background
Thread Priority:   Normal
Is thread alive:   True
Background:        True
Thread Pool:       True
============================
[Log INFO] 25.05.2022 21:05:10
============================
Telegram Update Type: Message
ID:406863197
Message:View Cart
Username:
First Name:Mike. Last Name:N..
============================
Thread information:
Thread ID:         6
Thread State:      Background
Thread Priority:   Normal
Is thread alive:   True
Background:        True
Thread Pool:       True
============================
[Log DEBUG] 25.05.2022 21:05:10
Additional info. List Mode: GetByID(). User Chat Id:406863197.
============================
GetByID: object with ID 406863197 is found. It's FastFood_Bot.
============================
Thread information:
Thread ID:         6
Thread State:      Background
Thread Priority:   Normal
Is thread alive:   True
Background:        True
Thread Pool:       True
============================
[Log DEBUG] 25.05.2022 21:05:10
Additional info. List Mode: GetByID(). User Chat Id:406863197.
============================
GetByID: object with ID 406863197 is found. It's FastFood_Bot.
============================
Thread information:
Thread ID:         6
Thread State:      Background
Thread Priority:   Normal
Is thread alive:   True
Background:        True
Thread Pool:       True
============================
[Log INFO] 25.05.2022 21:05:25
============================
Telegram Update Type: Message
ID:406863197
Message:/up
Username:
First Name:Mike. Last Name:N..
============================
Thread information:
Thread ID:         6
Thread State:      Background
Thread Priority:   Normal
Is thread alive:   True
Background:        True
Thread Pool:       True
============================
[Log DEBUG] 25.05.2022 21:05:25
Additional info. List Mode: GetByID(). User Chat Id:406863197.
============================
GetByID: object with ID 406863197 is found. It's FastFood_Bot.
============================
Thread information:
Thread ID:         6
Thread State:      Background
Thread Priority:   Normal
Is thread alive:   True
Background:        True
Thread Pool:       True
============================
[Log DEBUG] 25.05.2022 21:05:25
Additional info. List Mode: GetByID(). User Chat Id:406863197.
============================
GetByID: object with ID 406863197 is found. It's FastFood_Bot.
============================
Thread information:
Thread ID:         6
Thread State:      Background
Thread Priority:   Normal
Is thread alive:   True
Background:        True
Thread Pool:       True
============================
[Log INFO] 25.05.2022 21:05:29
============================
Telegram Update Type: CallbackQuery
ID:406863197
Message:/sushi
Username:
First Name:FastFood_Bot. Last Name:.
============================
Thread information:
Thread ID:         6
Thread State:      Background
Thread Priority:   Normal
Is thread alive:   True
Background:        True
Thread Pool:       True
============================
[Log DEBUG] 25.05.2022 21:05:29
Additional info. List Mode: GetByID(). User Chat Id:406863197.
============================
GetByID: object with ID 406863197 is found. It's FastFood_Bot.
============================
Thread information:
Thread ID:         6
Thread State:      Background
Thread Priority:   Normal
Is thread alive:   True
Background:        True
Thread Pool:       True
============================
[Log DEBUG] 25.05.2022 21:05:29
Additional info. List Mode: GetByID(). User Chat Id:406863197.
============================
GetByID: object with ID 406863197 is found. It's FastFood_Bot.
============================
Thread information:
Thread ID:         6
Thread State:      Background
Thread Priority:   Normal
Is thread alive:   True
Background:        True
Thread Pool:       True
============================
[Log INFO] 25.05.2022 21:05:31
============================
Telegram Update Type: CallbackQuery
ID:406863197
Message:/sushi-sauces
Username:
First Name:FastFood_Bot. Last Name:.
============================
Thread information:
Thread ID:         5
Thread State:      Background
Thread Priority:   Normal
Is thread alive:   True
Background:        True
Thread Pool:       True
============================
[Log DEBUG] 25.05.2022 21:05:31
Additional info. List Mode: GetByID(). User Chat Id:406863197.
============================
GetByID: object with ID 406863197 is found. It's FastFood_Bot.
============================
Thread information:
Thread ID:         5
Thread State:      Background
Thread Priority:   Normal
Is thread alive:   True
Background:        True
Thread Pool:       True
============================
[Log DEBUG] 25.05.2022 21:05:31
Additional info. List Mode: GetByID(). User Chat Id:406863197.
============================
GetByID: object with ID 406863197 is found. It's FastFood_Bot.
============================
Thread information:
Thread ID:         5
Thread State:      Background
Thread Priority:   Normal
Is thread alive:   True
Background:        True
Thread Pool:       True
============================
[Log DEBUG] 25.05.2022 21:05:31
Additional info. List Mode: GetByID(). User Chat Id:406863197.
============================
GetByID: object with ID 406863197 is found. It's FastFood_Bot.
============================
Thread information:
Thread ID:         5
Thread State:      Background
Thread Priority:   Normal
Is thread alive:   True
Background:        True
Thread Pool:       True
============================
[Log DEBUG] 25.05.2022 21:05:31
Additional info. List Mode: GetByID(). User Chat Id:406863197.
============================
GetByID: object with ID 406863197 is found. It's FastFood_Bot.
============================
Thread information:
Thread ID:         5
Thread State:      Background
Thread Priority:   Normal
Is thread alive:   True
Background:        True
Thread Pool:       True
============================
[Log INFO] 25.05.2022 21:05:42
============================
Telegram Update Type: CallbackQuery
ID:406863197
Message:/cart id*542be8c9-0e6a-4668-9e44-3df38d606648
Username:
First Name:FastFood_Bot. Last Name:.
============================
Thread information:
Thread ID:         5
Thread State:      Background
Thread Priority:   Normal
Is thread alive:   True
Background:        True
Thread Pool:       True
============================
[Log DEBUG] 25.05.2022 21:05:42
Additional info. List Mode: GetByID(). User Chat Id:406863197.
============================
GetByID: object with ID 406863197 is found. It's FastFood_Bot.
============================
Thread information:
Thread ID:         5
Thread State:      Background
Thread Priority:   Normal
Is thread alive:   True
Background:        True
Thread Pool:       True
============================
[Log DEBUG] 25.05.2022 21:05:42
Additional info. List Mode: GetByID(). User Chat Id:406863197.
============================
GetByID: object with ID 406863197 is found. It's FastFood_Bot.
============================
Thread information:
Thread ID:         5
Thread State:      Background
Thread Priority:   Normal
Is thread alive:   True
Background:        True
Thread Pool:       True
============================
[Log INFO] 25.05.2022 21:05:47
============================
Telegram Update Type: Message
ID:406863197
Message:2
Username:
First Name:Mike. Last Name:N..
============================
Thread information:
Thread ID:         5
Thread State:      Background
Thread Priority:   Normal
Is thread alive:   True
Background:        True
Thread Pool:       True
============================
[Log DEBUG] 25.05.2022 21:05:47
Additional info. List Mode: GetByID(). User Chat Id:406863197.
============================
GetByID: object with ID 406863197 is found. It's FastFood_Bot.
============================
Thread information:
Thread ID:         5
Thread State:      Background
Thread Priority:   Normal
Is thread alive:   True
Background:        True
Thread Pool:       True
============================
[Log DEBUG] 25.05.2022 21:05:47
Additional info. List Mode: GetByID(). User Chat Id:406863197.
============================
GetByID: object with ID 406863197 is found. It's FastFood_Bot.
============================
Thread information:
Thread ID:         5
Thread State:      Background
Thread Priority:   Normal
Is thread alive:   True
Background:        True
Thread Pool:       True
============================
[Log INFO] 25.05.2022 21:05:49
============================
Telegram Update Type: Message
ID:406863197
Message:View Cart
Username:
First Name:Mike. Last Name:N..
============================
Thread information:
Thread ID:         6
Thread State:      Background
Thread Priority:   Normal
Is thread alive:   True
Background:        True
Thread Pool:       True
============================
[Log DEBUG] 25.05.2022 21:05:49
Additional info. List Mode: GetByID(). User Chat Id:406863197.
============================
GetByID: object with ID 406863197 is found. It's FastFood_Bot.
============================
Thread information:
Thread ID:         6
Thread State:      Background
Thread Priority:   Normal
Is thread alive:   True
Background:        True
Thread Pool:       True
============================
[Log DEBUG] 25.05.2022 21:05:49
Additional info. List Mode: GetByID(). User Chat Id:406863197.
============================
GetByID: object with ID 406863197 is found. It's FastFood_Bot.
============================
Thread information:
Thread ID:         6
Thread State:      Background
Thread Priority:   Normal
Is thread alive:   True
Background:        True
Thread Pool:       True
============================
[Log INFO] 25.05.2022 21:06:13
============================
Telegram Update Type: Message
ID:406863197
Message:/up
Username:
First Name:Mike. Last Name:N..
============================
Thread information:
Thread ID:         6
Thread State:      Background
Thread Priority:   Normal
Is thread alive:   True
Background:        True
Thread Pool:       True
============================
[Log DEBUG] 25.05.2022 21:06:13
Additional info. List Mode: GetByID(). User Chat Id:406863197.
============================
GetByID: object with ID 406863197 is found. It's FastFood_Bot.
============================
Thread information:
Thread ID:         6
Thread State:      Background
Thread Priority:   Normal
Is thread alive:   True
Background:        True
Thread Pool:       True
============================
[Log DEBUG] 25.05.2022 21:06:13
Additional info. List Mode: GetByID(). User Chat Id:406863197.
============================
GetByID: object with ID 406863197 is found. It's FastFood_Bot.
============================
Thread information:
Thread ID:         6
Thread State:      Background
Thread Priority:   Normal
Is thread alive:   True
Background:        True
Thread Pool:       True
============================
[Log DEBUG] 25.05.2022 21:26:38
Additional info. Log level: info. Email Service: Gmail.
============================
Source mode:list
============================
Thread information:
Thread ID:         1
Thread State:      Running
Thread Priority:   Normal
Is thread alive:   True
Background:        False
Thread Pool:       False
============================
[Log DEBUG] 25.05.2022 21:26:40
Additional info. JSON mode SaveListToFile(). List type : System.Collections.Generic.List`1[FastFoodTelegramBot.Models.Product]
============================
Object database List System.Collections.Generic.List`1[FastFoodTelegramBot.Models.Product] saved to repository JSON file at: C:\Users\wisor\source\repos\FastFoodTelegramBot\FastFoodTelegramBot\FastFoodTelegramBot\bin\Debug\net5.0\AppData\prodRepos.json
============================
Thread information:
Thread ID:         1
Thread State:      Running
Thread Priority:   Normal
Is thread alive:   True
Background:        False
Thread Pool:       False
============================
[Log DEBUG] 25.05.2022 21:26:49
Additional info. DBase mode SaveListToDB(). List type: System.Collections.Generic.List`1[FastFoodTelegramBot.Models.Product].
============================
List List`1 has been saved to DBase file at:
Server=(localdb)\mssqllocaldb;Database=FastFoodProddb;Trusted_Connection=True;
============================
Thread information:
Thread ID:         1
Thread State:      Running
Thread Priority:   Normal
Is thread alive:   True
Background:        False
Thread Pool:       False
============================
[Log INFO] 25.05.2022 21:27:48
============================
Telegram Update Type: CallbackQuery
ID:406863197
Message:/burger
Username:
First Name:FastFood_Bot. Last Name:.
============================
Thread information:
Thread ID:         7
Thread State:      Background
Thread Priority:   Normal
Is thread alive:   True
Background:        True
Thread Pool:       True
============================
[Log ERROR] 25.05.2022 21:27:49
============================
GetByID. Object with ID 406863197 is not found.
   at FastFoodTelegramBot.Services.ListAccService`1.GetByID(List`1 list, Int64 id, Boolean& isFound) in C:\Users\wisor\source\repos\FastFoodTelegramBot\FastFoodTelegramBot\FastFoodTelegramBot\Services\ListAccService.cs:line 49
GetByID
FastFoodTelegramBot.Services.ListAccService`1[T]
============================
Thread information:
Thread ID:         7
Thread State:      Background
Thread Priority:   Normal
Is thread alive:   True
Background:        True
Thread Pool:       True
============================
[Log DEBUG] 25.05.2022 21:27:49
Additional info. List Mode: AddItemInDb(). User Chat Id:c3aebe66-4aa0-4b2f-9527-1684ce92342e.
============================
New Account object FastFood_Bot  with ID c3aebe66-4aa0-4b2f-9527-1684ce92342e is created and put in the Repository List.
============================
Thread information:
Thread ID:         7
Thread State:      Background
Thread Priority:   Normal
Is thread alive:   True
Background:        True
Thread Pool:       True
============================
[Log INFO] 25.05.2022 21:27:52
============================
Telegram Update Type: CallbackQuery
ID:406863197
Message:/view
Username:
First Name:FastFood_Bot. Last Name:.
============================
Thread information:
Thread ID:         7
Thread State:      Background
Thread Priority:   Normal
Is thread alive:   True
Background:        True
Thread Pool:       True
============================
[Log DEBUG] 25.05.2022 21:27:52
Additional info. List Mode: GetByID(). User Chat Id:406863197.
============================
GetByID: object with ID 406863197 is found. It's FastFood_Bot.
============================
Thread information:
Thread ID:         7
Thread State:      Background
Thread Priority:   Normal
Is thread alive:   True
Background:        True
Thread Pool:       True
============================
[Log DEBUG] 25.05.2022 21:27:52
Additional info. List Mode: GetByID(). User Chat Id:406863197.
============================
GetByID: object with ID 406863197 is found. It's FastFood_Bot.
============================
Thread information:
Thread ID:         7
Thread State:      Background
Thread Priority:   Normal
Is thread alive:   True
Background:        True
Thread Pool:       True
============================
[Log INFO] 25.05.2022 21:27:58
============================
Telegram Update Type: CallbackQuery
ID:406863197
Message:/drink
Username:
First Name:FastFood_Bot. Last Name:.
============================
Thread information:
Thread ID:         7
Thread State:      Background
Thread Priority:   Normal
Is thread alive:   True
Background:        True
Thread Pool:       True
============================
[Log DEBUG] 25.05.2022 21:27:58
Additional info. List Mode: GetByID(). User Chat Id:406863197.
============================
GetByID: object with ID 406863197 is found. It's FastFood_Bot.
============================
Thread information:
Thread ID:         7
Thread State:      Background
Thread Priority:   Normal
Is thread alive:   True
Background:        True
Thread Pool:       True
============================
[Log DEBUG] 25.05.2022 21:27:58
Additional info. List Mode: GetByID(). User Chat Id:406863197.
============================
GetByID: object with ID 406863197 is found. It's FastFood_Bot.
============================
Thread information:
Thread ID:         7
Thread State:      Background
Thread Priority:   Normal
Is thread alive:   True
Background:        True
Thread Pool:       True
============================
[Log DEBUG] 25.05.2022 21:27:58
Additional info. List Mode: GetByID(). User Chat Id:406863197.
============================
GetByID: object with ID 406863197 is found. It's FastFood_Bot.
============================
Thread information:
Thread ID:         7
Thread State:      Background
Thread Priority:   Normal
Is thread alive:   True
Background:        True
Thread Pool:       True
============================
[Log DEBUG] 25.05.2022 21:27:58
Additional info. List Mode: GetByID(). User Chat Id:406863197.
============================
GetByID: object with ID 406863197 is found. It's FastFood_Bot.
============================
Thread information:
Thread ID:         7
Thread State:      Background
Thread Priority:   Normal
Is thread alive:   True
Background:        True
Thread Pool:       True
============================
[Log INFO] 25.05.2022 21:28:23
============================
Telegram Update Type: CallbackQuery
ID:406863197
Message:/fried
Username:
First Name:FastFood_Bot. Last Name:.
============================
Thread information:
Thread ID:         7
Thread State:      Background
Thread Priority:   Normal
Is thread alive:   True
Background:        True
Thread Pool:       True
============================
[Log DEBUG] 25.05.2022 21:28:23
Additional info. List Mode: GetByID(). User Chat Id:406863197.
============================
GetByID: object with ID 406863197 is found. It's FastFood_Bot.
============================
Thread information:
Thread ID:         7
Thread State:      Background
Thread Priority:   Normal
Is thread alive:   True
Background:        True
Thread Pool:       True
============================
[Log DEBUG] 25.05.2022 21:28:23
Additional info. List Mode: GetByID(). User Chat Id:406863197.
============================
GetByID: object with ID 406863197 is found. It's FastFood_Bot.
============================
Thread information:
Thread ID:         7
Thread State:      Background
Thread Priority:   Normal
Is thread alive:   True
Background:        True
Thread Pool:       True
============================
[Log DEBUG] 25.05.2022 21:28:23
Additional info. List Mode: GetByID(). User Chat Id:406863197.
============================
GetByID: object with ID 406863197 is found. It's FastFood_Bot.
============================
Thread information:
Thread ID:         7
Thread State:      Background
Thread Priority:   Normal
Is thread alive:   True
Background:        True
Thread Pool:       True
============================
[Log DEBUG] 25.05.2022 21:28:23
Additional info. List Mode: GetByID(). User Chat Id:406863197.
============================
GetByID: object with ID 406863197 is found. It's FastFood_Bot.
============================
Thread information:
Thread ID:         7
Thread State:      Background
Thread Priority:   Normal
Is thread alive:   True
Background:        True
Thread Pool:       True
============================
[Log INFO] 25.05.2022 21:28:39
============================
Telegram Update Type: CallbackQuery
ID:406863197
Message:/cart id*e720bbdb-c284-4686-9077-1ff349c63938
Username:
First Name:FastFood_Bot. Last Name:.
============================
Thread information:
Thread ID:         7
Thread State:      Background
Thread Priority:   Normal
Is thread alive:   True
Background:        True
Thread Pool:       True
============================
[Log DEBUG] 25.05.2022 21:28:39
Additional info. List Mode: GetByID(). User Chat Id:406863197.
============================
GetByID: object with ID 406863197 is found. It's FastFood_Bot.
============================
Thread information:
Thread ID:         7
Thread State:      Background
Thread Priority:   Normal
Is thread alive:   True
Background:        True
Thread Pool:       True
============================
[Log DEBUG] 25.05.2022 21:28:39
Additional info. List Mode: GetByID(). User Chat Id:406863197.
============================
GetByID: object with ID 406863197 is found. It's FastFood_Bot.
============================
Thread information:
Thread ID:         7
Thread State:      Background
Thread Priority:   Normal
Is thread alive:   True
Background:        True
Thread Pool:       True
============================
[Log INFO] 25.05.2022 21:28:45
============================
Telegram Update Type: Message
ID:406863197
Message:1
Username:
First Name:Mike. Last Name:N..
============================
Thread information:
Thread ID:         7
Thread State:      Background
Thread Priority:   Normal
Is thread alive:   True
Background:        True
Thread Pool:       True
============================
[Log DEBUG] 25.05.2022 21:28:45
Additional info. List Mode: GetByID(). User Chat Id:406863197.
============================
GetByID: object with ID 406863197 is found. It's FastFood_Bot.
============================
Thread information:
Thread ID:         7
Thread State:      Background
Thread Priority:   Normal
Is thread alive:   True
Background:        True
Thread Pool:       True
============================
[Log DEBUG] 25.05.2022 21:28:45
Additional info. List Mode: GetByID(). User Chat Id:406863197.
============================
GetByID: object with ID 406863197 is found. It's FastFood_Bot.
============================
Thread information:
Thread ID:         7
Thread State:      Background
Thread Priority:   Normal
Is thread alive:   True
Background:        True
Thread Pool:       True
============================
[Log INFO] 25.05.2022 21:28:59
============================
Telegram Update Type: CallbackQuery
ID:406863197
Message:/cart id*1ffc908d-987d-4238-927d-fee3d08011d1
Username:
First Name:FastFood_Bot. Last Name:.
============================
Thread information:
Thread ID:         7
Thread State:      Background
Thread Priority:   Normal
Is thread alive:   True
Background:        True
Thread Pool:       True
============================
[Log DEBUG] 25.05.2022 21:28:59
Additional info. List Mode: GetByID(). User Chat Id:406863197.
============================
GetByID: object with ID 406863197 is found. It's FastFood_Bot.
============================
Thread information:
Thread ID:         7
Thread State:      Background
Thread Priority:   Normal
Is thread alive:   True
Background:        True
Thread Pool:       True
============================
[Log DEBUG] 25.05.2022 21:28:59
Additional info. List Mode: GetByID(). User Chat Id:406863197.
============================
GetByID: object with ID 406863197 is found. It's FastFood_Bot.
============================
Thread information:
Thread ID:         7
Thread State:      Background
Thread Priority:   Normal
Is thread alive:   True
Background:        True
Thread Pool:       True
============================
[Log INFO] 25.05.2022 21:29:19
============================
Telegram Update Type: CallbackQuery
ID:406863197
Message:/pizza
Username:
First Name:FastFood_Bot. Last Name:.
============================
Thread information:
Thread ID:         12
Thread State:      Background
Thread Priority:   Normal
Is thread alive:   True
Background:        True
Thread Pool:       True
============================
[Log DEBUG] 25.05.2022 21:29:19
Additional info. List Mode: GetByID(). User Chat Id:406863197.
============================
GetByID: object with ID 406863197 is found. It's FastFood_Bot.
============================
Thread information:
Thread ID:         12
Thread State:      Background
Thread Priority:   Normal
Is thread alive:   True
Background:        True
Thread Pool:       True
============================
[Log DEBUG] 25.05.2022 21:29:19
Additional info. List Mode: GetByID(). User Chat Id:406863197.
============================
GetByID: object with ID 406863197 is found. It's FastFood_Bot.
============================
Thread information:
Thread ID:         12
Thread State:      Background
Thread Priority:   Normal
Is thread alive:   True
Background:        True
Thread Pool:       True
============================
[Log DEBUG] 25.05.2022 21:29:19
Additional info. List Mode: GetByID(). User Chat Id:406863197.
============================
GetByID: object with ID 406863197 is found. It's FastFood_Bot.
============================
Thread information:
Thread ID:         12
Thread State:      Background
Thread Priority:   Normal
Is thread alive:   True
Background:        True
Thread Pool:       True
============================
[Log DEBUG] 25.05.2022 21:29:19
Additional info. List Mode: GetByID(). User Chat Id:406863197.
============================
GetByID: object with ID 406863197 is found. It's FastFood_Bot.
============================
Thread information:
Thread ID:         12
Thread State:      Background
Thread Priority:   Normal
Is thread alive:   True
Background:        True
Thread Pool:       True
============================
[Log INFO] 25.05.2022 21:29:22
============================
Telegram Update Type: CallbackQuery
ID:406863197
Message:/cart id*2dc7759c-2ccd-42d4-8122-bf72ec5d95cc
Username:
First Name:FastFood_Bot. Last Name:.
============================
Thread information:
Thread ID:         12
Thread State:      Background
Thread Priority:   Normal
Is thread alive:   True
Background:        True
Thread Pool:       True
============================
