[Log DEBUG] 25.05.2022 18:43:57
Additional info. JSON mode.UpdateItem(). List type: System.Collections.Generic.List`1[FastFoodTelegramBot.Models.Account]. Item: Account data. FirstName: FastFood_Bot. LastName: .
 Email: nemtsov.ml@yandex.ru. Payment Method: . ChatID: 406863197.
============================
UpdateItem: object with ID 406863197 is found in database. It's Account. It will be replaced with your updated object.
============================
Thread information:
Thread ID:         5
Thread State:      Background
Thread Priority:   Normal
Is thread alive:   True
Background:        True
Thread Pool:       True
============================
[Log DEBUG] 25.05.2022 18:43:57
Additional info. JSON mode SaveListToFile(). List type : System.Collections.Generic.List`1[FastFoodTelegramBot.Models.Account]
============================
Object database List System.Collections.Generic.List`1[FastFoodTelegramBot.Models.Account] saved to repository JSON file at: C:\Users\wisor\source\repos\FastFoodTelegramBot\FastFoodTelegramBot\FastFoodTelegramBot\bin\Debug\net5.0\AppData\accRepos.json
============================
Thread information:
Thread ID:         5
Thread State:      Background
Thread Priority:   Normal
Is thread alive:   True
Background:        True
Thread Pool:       True
============================
[Log INFO] 25.05.2022 18:44:00
============================
Telegram Update Type: CallbackQuery
ID:406863197
Message:/firstname
Username:
First Name:FastFood_Bot. Last Name:.
============================
Thread information:
Thread ID:         5
Thread State:      Background
Thread Priority:   Normal
Is thread alive:   True
Background:        True
Thread Pool:       True
============================
[Log DEBUG] 25.05.2022 18:44:00
Additional info. JSON mode LoadFileToList(). List type : System.Collections.Generic.List`1[FastFoodTelegramBot.Models.Account]
============================
Object database loaded from Repository JSON file at: C:\Users\wisor\source\repos\FastFoodTelegramBot\FastFoodTelegramBot\FastFoodTelegramBot\bin\Debug\net5.0\AppData\accRepos.json
============================
Thread information:
Thread ID:         5
Thread State:      Background
Thread Priority:   Normal
Is thread alive:   True
Background:        True
Thread Pool:       True
============================
[Log DEBUG] 25.05.2022 18:44:00
Additional info. JSON mode. GetByID(). List type: System.Collections.Generic.List`1[FastFoodTelegramBot.Models.Account]. Object ID: 406863197.
============================
GetByID: object with ID 406863197  is found. It's Account.
============================
Thread information:
Thread ID:         5
Thread State:      Background
Thread Priority:   Normal
Is thread alive:   True
Background:        True
Thread Pool:       True
============================
[Log DEBUG] 25.05.2022 18:44:00
Additional info. JSON mode LoadFileToList(). List type : System.Collections.Generic.List`1[FastFoodTelegramBot.Models.Account]
============================
Object database loaded from Repository JSON file at: C:\Users\wisor\source\repos\FastFoodTelegramBot\FastFoodTelegramBot\FastFoodTelegramBot\bin\Debug\net5.0\AppData\accRepos.json
============================
Thread information:
Thread ID:         5
Thread State:      Background
Thread Priority:   Normal
Is thread alive:   True
Background:        True
Thread Pool:       True
============================
[Log DEBUG] 25.05.2022 18:44:00
Additional info. JSON mode. GetByID(). List type: System.Collections.Generic.List`1[FastFoodTelegramBot.Models.Account]. Object ID: 406863197.
============================
GetByID: object with ID 406863197  is found. It's Account.
============================
Thread information:
Thread ID:         5
Thread State:      Background
Thread Priority:   Normal
Is thread alive:   True
Background:        True
Thread Pool:       True
============================
[Log INFO] 25.05.2022 18:44:04
============================
Telegram Update Type: Message
ID:406863197
Message:Mike
Username:
First Name:Mike. Last Name:N..
============================
Thread information:
Thread ID:         5
Thread State:      Background
Thread Priority:   Normal
Is thread alive:   True
Background:        True
Thread Pool:       True
============================
[Log DEBUG] 25.05.2022 18:44:04
Additional info. JSON mode LoadFileToList(). List type : System.Collections.Generic.List`1[FastFoodTelegramBot.Models.Account]
============================
Object database loaded from Repository JSON file at: C:\Users\wisor\source\repos\FastFoodTelegramBot\FastFoodTelegramBot\FastFoodTelegramBot\bin\Debug\net5.0\AppData\accRepos.json
============================
Thread information:
Thread ID:         5
Thread State:      Background
Thread Priority:   Normal
Is thread alive:   True
Background:        True
Thread Pool:       True
============================
[Log DEBUG] 25.05.2022 18:44:04
Additional info. JSON mode. GetByID(). List type: System.Collections.Generic.List`1[FastFoodTelegramBot.Models.Account]. Object ID: 406863197.
============================
GetByID: object with ID 406863197  is found. It's Account.
============================
Thread information:
Thread ID:         5
Thread State:      Background
Thread Priority:   Normal
Is thread alive:   True
Background:        True
Thread Pool:       True
============================
[Log DEBUG] 25.05.2022 18:44:04
Additional info. JSON mode LoadFileToList(). List type : System.Collections.Generic.List`1[FastFoodTelegramBot.Models.Account]
============================
Object database loaded from Repository JSON file at: C:\Users\wisor\source\repos\FastFoodTelegramBot\FastFoodTelegramBot\FastFoodTelegramBot\bin\Debug\net5.0\AppData\accRepos.json
============================
Thread information:
Thread ID:         5
Thread State:      Background
Thread Priority:   Normal
Is thread alive:   True
Background:        True
Thread Pool:       True
============================
[Log DEBUG] 25.05.2022 18:44:04
Additional info. JSON mode. GetByID(). List type: System.Collections.Generic.List`1[FastFoodTelegramBot.Models.Account]. Object ID: 406863197.
============================
GetByID: object with ID 406863197  is found. It's Account.
============================
Thread information:
Thread ID:         5
Thread State:      Background
Thread Priority:   Normal
Is thread alive:   True
Background:        True
Thread Pool:       True
============================
[Log DEBUG] 25.05.2022 18:44:04
Additional info. JSON mode LoadFileToList(). List type : System.Collections.Generic.List`1[FastFoodTelegramBot.Models.Account]
============================
Object database loaded from Repository JSON file at: C:\Users\wisor\source\repos\FastFoodTelegramBot\FastFoodTelegramBot\FastFoodTelegramBot\bin\Debug\net5.0\AppData\accRepos.json
============================
Thread information:
Thread ID:         5
Thread State:      Background
Thread Priority:   Normal
Is thread alive:   True
Background:        True
Thread Pool:       True
============================
[Log DEBUG] 25.05.2022 18:44:04
Additional info. JSON mode.UpdateItem(). List type: System.Collections.Generic.List`1[FastFoodTelegramBot.Models.Account]. Item: Account data. FirstName: Mike. LastName: .
 Email: nemtsov.ml@yandex.ru. Payment Method: . ChatID: 406863197.
============================
UpdateItem: object with ID 406863197 is found in database. It's Account. It will be replaced with your updated object.
============================
Thread information:
Thread ID:         5
Thread State:      Background
Thread Priority:   Normal
Is thread alive:   True
Background:        True
Thread Pool:       True
============================
[Log DEBUG] 25.05.2022 18:44:04
Additional info. JSON mode SaveListToFile(). List type : System.Collections.Generic.List`1[FastFoodTelegramBot.Models.Account]
============================
Object database List System.Collections.Generic.List`1[FastFoodTelegramBot.Models.Account] saved to repository JSON file at: C:\Users\wisor\source\repos\FastFoodTelegramBot\FastFoodTelegramBot\FastFoodTelegramBot\bin\Debug\net5.0\AppData\accRepos.json
============================
Thread information:
Thread ID:         5
Thread State:      Background
Thread Priority:   Normal
Is thread alive:   True
Background:        True
Thread Pool:       True
============================
[Log INFO] 25.05.2022 18:44:06
============================
Telegram Update Type: CallbackQuery
ID:406863197
Message:/lastname
Username:
First Name:FastFood_Bot. Last Name:.
============================
Thread information:
Thread ID:         6
Thread State:      Background
Thread Priority:   Normal
Is thread alive:   True
Background:        True
Thread Pool:       True
============================
[Log DEBUG] 25.05.2022 18:44:06
Additional info. JSON mode LoadFileToList(). List type : System.Collections.Generic.List`1[FastFoodTelegramBot.Models.Account]
============================
Object database loaded from Repository JSON file at: C:\Users\wisor\source\repos\FastFoodTelegramBot\FastFoodTelegramBot\FastFoodTelegramBot\bin\Debug\net5.0\AppData\accRepos.json
============================
Thread information:
Thread ID:         6
Thread State:      Background
Thread Priority:   Normal
Is thread alive:   True
Background:        True
Thread Pool:       True
============================
[Log DEBUG] 25.05.2022 18:44:07
Additional info. JSON mode. GetByID(). List type: System.Collections.Generic.List`1[FastFoodTelegramBot.Models.Account]. Object ID: 406863197.
============================
GetByID: object with ID 406863197  is found. It's Account.
============================
Thread information:
Thread ID:         6
Thread State:      Background
Thread Priority:   Normal
Is thread alive:   True
Background:        True
Thread Pool:       True
============================
[Log DEBUG] 25.05.2022 18:44:07
Additional info. JSON mode LoadFileToList(). List type : System.Collections.Generic.List`1[FastFoodTelegramBot.Models.Account]
============================
Object database loaded from Repository JSON file at: C:\Users\wisor\source\repos\FastFoodTelegramBot\FastFoodTelegramBot\FastFoodTelegramBot\bin\Debug\net5.0\AppData\accRepos.json
============================
Thread information:
Thread ID:         6
Thread State:      Background
Thread Priority:   Normal
Is thread alive:   True
Background:        True
Thread Pool:       True
============================
[Log DEBUG] 25.05.2022 18:44:07
Additional info. JSON mode. GetByID(). List type: System.Collections.Generic.List`1[FastFoodTelegramBot.Models.Account]. Object ID: 406863197.
============================
GetByID: object with ID 406863197  is found. It's Account.
============================
Thread information:
Thread ID:         6
Thread State:      Background
Thread Priority:   Normal
Is thread alive:   True
Background:        True
Thread Pool:       True
============================
[Log INFO] 25.05.2022 18:44:12
============================
Telegram Update Type: Message
ID:406863197
Message:Nemtsov
Username:
First Name:Mike. Last Name:N..
============================
Thread information:
Thread ID:         5
Thread State:      Background
Thread Priority:   Normal
Is thread alive:   True
Background:        True
Thread Pool:       True
============================
[Log DEBUG] 25.05.2022 18:44:12
Additional info. JSON mode LoadFileToList(). List type : System.Collections.Generic.List`1[FastFoodTelegramBot.Models.Account]
============================
Object database loaded from Repository JSON file at: C:\Users\wisor\source\repos\FastFoodTelegramBot\FastFoodTelegramBot\FastFoodTelegramBot\bin\Debug\net5.0\AppData\accRepos.json
============================
Thread information:
Thread ID:         5
Thread State:      Background
Thread Priority:   Normal
Is thread alive:   True
Background:        True
Thread Pool:       True
============================
[Log DEBUG] 25.05.2022 18:44:12
Additional info. JSON mode. GetByID(). List type: System.Collections.Generic.List`1[FastFoodTelegramBot.Models.Account]. Object ID: 406863197.
============================
GetByID: object with ID 406863197  is found. It's Account.
============================
Thread information:
Thread ID:         5
Thread State:      Background
Thread Priority:   Normal
Is thread alive:   True
Background:        True
Thread Pool:       True
============================
[Log DEBUG] 25.05.2022 18:44:12
Additional info. JSON mode LoadFileToList(). List type : System.Collections.Generic.List`1[FastFoodTelegramBot.Models.Account]
============================
Object database loaded from Repository JSON file at: C:\Users\wisor\source\repos\FastFoodTelegramBot\FastFoodTelegramBot\FastFoodTelegramBot\bin\Debug\net5.0\AppData\accRepos.json
============================
Thread information:
Thread ID:         5
Thread State:      Background
Thread Priority:   Normal
Is thread alive:   True
Background:        True
Thread Pool:       True
============================
[Log DEBUG] 25.05.2022 18:44:12
Additional info. JSON mode. GetByID(). List type: System.Collections.Generic.List`1[FastFoodTelegramBot.Models.Account]. Object ID: 406863197.
============================
GetByID: object with ID 406863197  is found. It's Account.
============================
Thread information:
Thread ID:         5
Thread State:      Background
Thread Priority:   Normal
Is thread alive:   True
Background:        True
Thread Pool:       True
============================
[Log DEBUG] 25.05.2022 18:44:12
Additional info. JSON mode LoadFileToList(). List type : System.Collections.Generic.List`1[FastFoodTelegramBot.Models.Account]
============================
Object database loaded from Repository JSON file at: C:\Users\wisor\source\repos\FastFoodTelegramBot\FastFoodTelegramBot\FastFoodTelegramBot\bin\Debug\net5.0\AppData\accRepos.json
============================
Thread information:
Thread ID:         5
Thread State:      Background
Thread Priority:   Normal
Is thread alive:   True
Background:        True
Thread Pool:       True
============================
[Log DEBUG] 25.05.2022 18:44:12
Additional info. JSON mode.UpdateItem(). List type: System.Collections.Generic.List`1[FastFoodTelegramBot.Models.Account]. Item: Account data. FirstName: Mike. LastName: Nemtsov.
 Email: nemtsov.ml@yandex.ru. Payment Method: . ChatID: 406863197.
============================
UpdateItem: object with ID 406863197 is found in database. It's Account. It will be replaced with your updated object.
============================
Thread information:
Thread ID:         5
Thread State:      Background
Thread Priority:   Normal
Is thread alive:   True
Background:        True
Thread Pool:       True
============================
[Log DEBUG] 25.05.2022 18:44:12
Additional info. JSON mode SaveListToFile(). List type : System.Collections.Generic.List`1[FastFoodTelegramBot.Models.Account]
============================
Object database List System.Collections.Generic.List`1[FastFoodTelegramBot.Models.Account] saved to repository JSON file at: C:\Users\wisor\source\repos\FastFoodTelegramBot\FastFoodTelegramBot\FastFoodTelegramBot\bin\Debug\net5.0\AppData\accRepos.json
============================
Thread information:
Thread ID:         5
Thread State:      Background
Thread Priority:   Normal
Is thread alive:   True
Background:        True
Thread Pool:       True
============================
[Log INFO] 25.05.2022 18:44:28
============================
Telegram Update Type: Message
ID:406863197
Message:/card
Username:
First Name:Mike. Last Name:N..
============================
Thread information:
Thread ID:         5
Thread State:      Background
Thread Priority:   Normal
Is thread alive:   True
Background:        True
Thread Pool:       True
============================
[Log DEBUG] 25.05.2022 18:44:28
Additional info. JSON mode LoadFileToList(). List type : System.Collections.Generic.List`1[FastFoodTelegramBot.Models.Account]
============================
Object database loaded from Repository JSON file at: C:\Users\wisor\source\repos\FastFoodTelegramBot\FastFoodTelegramBot\FastFoodTelegramBot\bin\Debug\net5.0\AppData\accRepos.json
============================
Thread information:
Thread ID:         5
Thread State:      Background
Thread Priority:   Normal
Is thread alive:   True
Background:        True
Thread Pool:       True
============================
[Log DEBUG] 25.05.2022 18:44:28
Additional info. JSON mode. GetByID(). List type: System.Collections.Generic.List`1[FastFoodTelegramBot.Models.Account]. Object ID: 406863197.
============================
GetByID: object with ID 406863197  is found. It's Account.
============================
Thread information:
Thread ID:         5
Thread State:      Background
Thread Priority:   Normal
Is thread alive:   True
Background:        True
Thread Pool:       True
============================
[Log DEBUG] 25.05.2022 18:44:28
Additional info. JSON mode LoadFileToList(). List type : System.Collections.Generic.List`1[FastFoodTelegramBot.Models.Account]
============================
Object database loaded from Repository JSON file at: C:\Users\wisor\source\repos\FastFoodTelegramBot\FastFoodTelegramBot\FastFoodTelegramBot\bin\Debug\net5.0\AppData\accRepos.json
============================
Thread information:
Thread ID:         5
Thread State:      Background
Thread Priority:   Normal
Is thread alive:   True
Background:        True
Thread Pool:       True
============================
[Log DEBUG] 25.05.2022 18:44:28
Additional info. JSON mode. GetByID(). List type: System.Collections.Generic.List`1[FastFoodTelegramBot.Models.Account]. Object ID: 406863197.
============================
GetByID: object with ID 406863197  is found. It's Account.
============================
Thread information:
Thread ID:         5
Thread State:      Background
Thread Priority:   Normal
Is thread alive:   True
Background:        True
Thread Pool:       True
============================
[Log DEBUG] 25.05.2022 18:44:28
Additional info. JSON mode LoadFileToList(). List type : System.Collections.Generic.List`1[FastFoodTelegramBot.Models.Account]
============================
Object database loaded from Repository JSON file at: C:\Users\wisor\source\repos\FastFoodTelegramBot\FastFoodTelegramBot\FastFoodTelegramBot\bin\Debug\net5.0\AppData\accRepos.json
============================
Thread information:
Thread ID:         5
Thread State:      Background
Thread Priority:   Normal
Is thread alive:   True
Background:        True
Thread Pool:       True
============================
[Log DEBUG] 25.05.2022 18:44:28
Additional info. JSON mode.UpdateItem(). List type: System.Collections.Generic.List`1[FastFoodTelegramBot.Models.Account]. Item: Account data. FirstName: Mike. LastName: Nemtsov.
 Email: nemtsov.ml@yandex.ru. Payment Method: cash. ChatID: 406863197.
============================
UpdateItem: object with ID 406863197 is found in database. It's Account. It will be replaced with your updated object.
============================
Thread information:
Thread ID:         5
Thread State:      Background
Thread Priority:   Normal
Is thread alive:   True
Background:        True
Thread Pool:       True
============================
[Log DEBUG] 25.05.2022 18:44:28
Additional info. JSON mode SaveListToFile(). List type : System.Collections.Generic.List`1[FastFoodTelegramBot.Models.Account]
============================
Object database List System.Collections.Generic.List`1[FastFoodTelegramBot.Models.Account] saved to repository JSON file at: C:\Users\wisor\source\repos\FastFoodTelegramBot\FastFoodTelegramBot\FastFoodTelegramBot\bin\Debug\net5.0\AppData\accRepos.json
============================
Thread information:
Thread ID:         5
Thread State:      Background
Thread Priority:   Normal
Is thread alive:   True
Background:        True
Thread Pool:       True
============================
[Log INFO] 25.05.2022 18:44:34
============================
Telegram Update Type: Message
ID:406863197
Message:/sushi-baked
Username:
First Name:Mike. Last Name:N..
============================
Thread information:
Thread ID:         5
Thread State:      Background
Thread Priority:   Normal
Is thread alive:   True
Background:        True
Thread Pool:       True
============================
[Log DEBUG] 25.05.2022 18:44:34
Additional info. JSON mode LoadFileToList(). List type : System.Collections.Generic.List`1[FastFoodTelegramBot.Models.Account]
============================
Object database loaded from Repository JSON file at: C:\Users\wisor\source\repos\FastFoodTelegramBot\FastFoodTelegramBot\FastFoodTelegramBot\bin\Debug\net5.0\AppData\accRepos.json
============================
Thread information:
Thread ID:         5
Thread State:      Background
Thread Priority:   Normal
Is thread alive:   True
Background:        True
Thread Pool:       True
============================
[Log DEBUG] 25.05.2022 18:44:34
Additional info. JSON mode. GetByID(). List type: System.Collections.Generic.List`1[FastFoodTelegramBot.Models.Account]. Object ID: 406863197.
============================
GetByID: object with ID 406863197  is found. It's Account.
============================
Thread information:
Thread ID:         5
Thread State:      Background
Thread Priority:   Normal
Is thread alive:   True
Background:        True
Thread Pool:       True
============================
[Log DEBUG] 25.05.2022 18:44:34
Additional info. JSON mode LoadFileToList(). List type : System.Collections.Generic.List`1[FastFoodTelegramBot.Models.Account]
============================
Object database loaded from Repository JSON file at: C:\Users\wisor\source\repos\FastFoodTelegramBot\FastFoodTelegramBot\FastFoodTelegramBot\bin\Debug\net5.0\AppData\accRepos.json
============================
Thread information:
Thread ID:         5
Thread State:      Background
Thread Priority:   Normal
Is thread alive:   True
Background:        True
Thread Pool:       True
============================
[Log DEBUG] 25.05.2022 18:44:34
Additional info. JSON mode. GetByID(). List type: System.Collections.Generic.List`1[FastFoodTelegramBot.Models.Account]. Object ID: 406863197.
============================
GetByID: object with ID 406863197  is found. It's Account.
============================
Thread information:
Thread ID:         5
Thread State:      Background
Thread Priority:   Normal
Is thread alive:   True
Background:        True
Thread Pool:       True
============================
[Log DEBUG] 25.05.2022 18:44:34
Additional info. JSON mode LoadFileToList(). List type : System.Collections.Generic.List`1[FastFoodTelegramBot.Models.Account]
============================
Object database loaded from Repository JSON file at: C:\Users\wisor\source\repos\FastFoodTelegramBot\FastFoodTelegramBot\FastFoodTelegramBot\bin\Debug\net5.0\AppData\accRepos.json
============================
Thread information:
Thread ID:         5
Thread State:      Background
Thread Priority:   Normal
Is thread alive:   True
Background:        True
Thread Pool:       True
============================
[Log DEBUG] 25.05.2022 18:44:34
Additional info. JSON mode. GetByID(). List type: System.Collections.Generic.List`1[FastFoodTelegramBot.Models.Account]. Object ID: 406863197.
============================
GetByID: object with ID 406863197  is found. It's Account.
============================
Thread information:
Thread ID:         5
Thread State:      Background
Thread Priority:   Normal
Is thread alive:   True
Background:        True
Thread Pool:       True
============================
[Log DEBUG] 25.05.2022 18:44:34
Additional info. JSON mode LoadFileToList(). List type : System.Collections.Generic.List`1[FastFoodTelegramBot.Models.Account]
============================
Object database loaded from Repository JSON file at: C:\Users\wisor\source\repos\FastFoodTelegramBot\FastFoodTelegramBot\FastFoodTelegramBot\bin\Debug\net5.0\AppData\accRepos.json
============================
Thread information:
Thread ID:         5
Thread State:      Background
Thread Priority:   Normal
Is thread alive:   True
Background:        True
Thread Pool:       True
============================
[Log DEBUG] 25.05.2022 18:44:34
Additional info. JSON mode.UpdateItem(). List type: System.Collections.Generic.List`1[FastFoodTelegramBot.Models.Account]. Item: Account data. FirstName: Mike. LastName: Nemtsov.
 Email: nemtsov.ml@yandex.ru. Payment Method: cash. ChatID: 406863197.
============================
UpdateItem: object with ID 406863197 is found in database. It's Account. It will be replaced with your updated object.
============================
Thread information:
Thread ID:         5
Thread State:      Background
Thread Priority:   Normal
Is thread alive:   True
Background:        True
Thread Pool:       True
============================
[Log DEBUG] 25.05.2022 18:44:34
Additional info. JSON mode SaveListToFile(). List type : System.Collections.Generic.List`1[FastFoodTelegramBot.Models.Account]
============================
Object database List System.Collections.Generic.List`1[FastFoodTelegramBot.Models.Account] saved to repository JSON file at: C:\Users\wisor\source\repos\FastFoodTelegramBot\FastFoodTelegramBot\FastFoodTelegramBot\bin\Debug\net5.0\AppData\accRepos.json
============================
Thread information:
Thread ID:         5
Thread State:      Background
Thread Priority:   Normal
Is thread alive:   True
Background:        True
Thread Pool:       True
============================
[Log DEBUG] 25.05.2022 18:44:34
Additional info. JSON mode LoadFileToList(). List type : System.Collections.Generic.List`1[FastFoodTelegramBot.Models.Account]
============================
Object database loaded from Repository JSON file at: C:\Users\wisor\source\repos\FastFoodTelegramBot\FastFoodTelegramBot\FastFoodTelegramBot\bin\Debug\net5.0\AppData\accRepos.json
============================
Thread information:
Thread ID:         5
Thread State:      Background
Thread Priority:   Normal
Is thread alive:   True
Background:        True
Thread Pool:       True
============================
[Log DEBUG] 25.05.2022 18:44:34
Additional info. JSON mode. GetByID(). List type: System.Collections.Generic.List`1[FastFoodTelegramBot.Models.Account]. Object ID: 406863197.
============================
GetByID: object with ID 406863197  is found. It's Account.
============================
Thread information:
Thread ID:         5
Thread State:      Background
Thread Priority:   Normal
Is thread alive:   True
Background:        True
Thread Pool:       True
============================
[Log INFO] 25.05.2022 18:44:36
============================
Telegram Update Type: CallbackQuery
ID:406863197
Message:/cart id*2af45fde-96b8-433a-b081-f338fe719f80
Username:
First Name:FastFood_Bot. Last Name:.
============================
Thread information:
Thread ID:         5
Thread State:      Background
Thread Priority:   Normal
Is thread alive:   True
Background:        True
Thread Pool:       True
============================
[Log DEBUG] 25.05.2022 18:44:36
Additional info. JSON mode LoadFileToList(). List type : System.Collections.Generic.List`1[FastFoodTelegramBot.Models.Account]
============================
Object database loaded from Repository JSON file at: C:\Users\wisor\source\repos\FastFoodTelegramBot\FastFoodTelegramBot\FastFoodTelegramBot\bin\Debug\net5.0\AppData\accRepos.json
============================
Thread information:
Thread ID:         5
Thread State:      Background
Thread Priority:   Normal
Is thread alive:   True
Background:        True
Thread Pool:       True
============================
[Log DEBUG] 25.05.2022 18:44:36
Additional info. JSON mode. GetByID(). List type: System.Collections.Generic.List`1[FastFoodTelegramBot.Models.Account]. Object ID: 406863197.
============================
GetByID: object with ID 406863197  is found. It's Account.
============================
Thread information:
Thread ID:         5
Thread State:      Background
Thread Priority:   Normal
Is thread alive:   True
Background:        True
Thread Pool:       True
============================
[Log DEBUG] 25.05.2022 18:44:37
Additional info. JSON mode LoadFileToList(). List type : System.Collections.Generic.List`1[FastFoodTelegramBot.Models.Account]
============================
Object database loaded from Repository JSON file at: C:\Users\wisor\source\repos\FastFoodTelegramBot\FastFoodTelegramBot\FastFoodTelegramBot\bin\Debug\net5.0\AppData\accRepos.json
============================
Thread information:
Thread ID:         5
Thread State:      Background
Thread Priority:   Normal
Is thread alive:   True
Background:        True
Thread Pool:       True
============================
[Log DEBUG] 25.05.2022 18:44:37
Additional info. JSON mode. GetByID(). List type: System.Collections.Generic.List`1[FastFoodTelegramBot.Models.Account]. Object ID: 406863197.
============================
GetByID: object with ID 406863197  is found. It's Account.
============================
Thread information:
Thread ID:         5
Thread State:      Background
Thread Priority:   Normal
Is thread alive:   True
Background:        True
Thread Pool:       True
============================
[Log INFO] 25.05.2022 18:44:38
============================
Telegram Update Type: Message
ID:406863197
Message:4
Username:
First Name:Mike. Last Name:N..
============================
Thread information:
Thread ID:         8
Thread State:      Background
Thread Priority:   Normal
Is thread alive:   True
Background:        True
Thread Pool:       True
============================
[Log DEBUG] 25.05.2022 18:44:38
Additional info. JSON mode LoadFileToList(). List type : System.Collections.Generic.List`1[FastFoodTelegramBot.Models.Account]
============================
Object database loaded from Repository JSON file at: C:\Users\wisor\source\repos\FastFoodTelegramBot\FastFoodTelegramBot\FastFoodTelegramBot\bin\Debug\net5.0\AppData\accRepos.json
============================
Thread information:
Thread ID:         8
Thread State:      Background
Thread Priority:   Normal
Is thread alive:   True
Background:        True
Thread Pool:       True
============================
