[Log INFO] 26.05.2022 22:27:54
============================
Telegram Update Type: Message
ID:1788879993
Message:2
Username:jyjyhh
First Name:VLAD. Last Name:.
============================
Thread information:
Thread ID:         5
Thread State:      Background
Thread Priority:   Normal
Is thread alive:   True
Background:        True
Thread Pool:       True
============================
[Log DEBUG] 26.05.2022 22:27:54
Additional info. DBase mode GetByID(). Dbase:Server=(localdb)\mssqllocaldb;AttachDbFilename='|DataDirectory|AppData\FFoodAccdb.mdf';Database=FFoodAccdb;Trusted_Connection=True;
============================
GetByID: object with ID 1788879993 is found. It's Account.
============================
Thread information:
Thread ID:         5
Thread State:      Background
Thread Priority:   Normal
Is thread alive:   True
Background:        True
Thread Pool:       True
============================
[Log DEBUG] 26.05.2022 22:27:54
Additional info. DBase mode GetByID(). Dbase:Server=(localdb)\mssqllocaldb;AttachDbFilename='|DataDirectory|AppData\FFoodAccdb.mdf';Database=FFoodAccdb;Trusted_Connection=True;
============================
GetByID: object with ID 1788879993 is found. It's Account.
============================
Thread information:
Thread ID:         5
Thread State:      Background
Thread Priority:   Normal
Is thread alive:   True
Background:        True
Thread Pool:       True
============================
[Log DEBUG] 26.05.2022 22:27:54
Additional info. DBase mode UpdateItem(). Dbase:Server=(localdb)\mssqllocaldb;AttachDbFilename='|DataDirectory|AppData\FFoodAccdb.mdf';Database=FFoodAccdb;Trusted_Connection=True;
============================
Update Item: object with ID Account data. FirstName: Vlad. LastName: Nemtsoff.
 Email: opml2007@gmail.com. Payment Method: cash. ChatID: 1788879993 is found in database. It's Account. It will be replaced with new object.
============================
Thread information:
Thread ID:         5
Thread State:      Background
Thread Priority:   Normal
Is thread alive:   True
Background:        True
Thread Pool:       True
============================
[Log INFO] 26.05.2022 22:27:56
============================
Telegram Update Type: Message
ID:1788879993
Message:View Cart
Username:jyjyhh
First Name:VLAD. Last Name:.
============================
Thread information:
Thread ID:         5
Thread State:      Background
Thread Priority:   Normal
Is thread alive:   True
Background:        True
Thread Pool:       True
============================
[Log DEBUG] 26.05.2022 22:27:56
Additional info. DBase mode GetByID(). Dbase:Server=(localdb)\mssqllocaldb;AttachDbFilename='|DataDirectory|AppData\FFoodAccdb.mdf';Database=FFoodAccdb;Trusted_Connection=True;
============================
GetByID: object with ID 1788879993 is found. It's Account.
============================
Thread information:
Thread ID:         5
Thread State:      Background
Thread Priority:   Normal
Is thread alive:   True
Background:        True
Thread Pool:       True
============================
[Log DEBUG] 26.05.2022 22:27:56
Additional info. DBase mode GetByID(). Dbase:Server=(localdb)\mssqllocaldb;AttachDbFilename='|DataDirectory|AppData\FFoodAccdb.mdf';Database=FFoodAccdb;Trusted_Connection=True;
============================
GetByID: object with ID 1788879993 is found. It's Account.
============================
Thread information:
Thread ID:         5
Thread State:      Background
Thread Priority:   Normal
Is thread alive:   True
Background:        True
Thread Pool:       True
============================
[Log INFO] 26.05.2022 22:28:01
============================
Telegram Update Type: Message
ID:406863197
Message:View Cart
Username:
First Name:Mike. Last Name:N..
============================
Thread information:
Thread ID:         16
Thread State:      Background
Thread Priority:   Normal
Is thread alive:   True
Background:        True
Thread Pool:       True
============================
[Log DEBUG] 26.05.2022 22:28:01
Additional info. DBase mode GetByID(). Dbase:Server=(localdb)\mssqllocaldb;AttachDbFilename='|DataDirectory|AppData\FFoodAccdb.mdf';Database=FFoodAccdb;Trusted_Connection=True;
============================
GetByID: object with ID 406863197 is found. It's Account.
============================
Thread information:
Thread ID:         16
Thread State:      Background
Thread Priority:   Normal
Is thread alive:   True
Background:        True
Thread Pool:       True
============================
[Log DEBUG] 26.05.2022 22:28:01
Additional info. DBase mode GetByID(). Dbase:Server=(localdb)\mssqllocaldb;AttachDbFilename='|DataDirectory|AppData\FFoodAccdb.mdf';Database=FFoodAccdb;Trusted_Connection=True;
============================
GetByID: object with ID 406863197 is found. It's Account.
============================
Thread information:
Thread ID:         16
Thread State:      Background
Thread Priority:   Normal
Is thread alive:   True
Background:        True
Thread Pool:       True
============================
[Log INFO] 26.05.2022 22:28:08
============================
Telegram Update Type: Message
ID:406863197
Message:Order
Username:
First Name:Mike. Last Name:N..
============================
Thread information:
Thread ID:         5
Thread State:      Background
Thread Priority:   Normal
Is thread alive:   True
Background:        True
Thread Pool:       True
============================
[Log DEBUG] 26.05.2022 22:28:08
Additional info. DBase mode GetByID(). Dbase:Server=(localdb)\mssqllocaldb;AttachDbFilename='|DataDirectory|AppData\FFoodAccdb.mdf';Database=FFoodAccdb;Trusted_Connection=True;
============================
GetByID: object with ID 406863197 is found. It's Account.
============================
Thread information:
Thread ID:         5
Thread State:      Background
Thread Priority:   Normal
Is thread alive:   True
Background:        True
Thread Pool:       True
============================
[Log DEBUG] 26.05.2022 22:28:08
Additional info. DBase mode GetByID(). Dbase:Server=(localdb)\mssqllocaldb;AttachDbFilename='|DataDirectory|AppData\FFoodAccdb.mdf';Database=FFoodAccdb;Trusted_Connection=True;
============================
GetByID: object with ID 406863197 is found. It's Account.
============================
Thread information:
Thread ID:         5
Thread State:      Background
Thread Priority:   Normal
Is thread alive:   True
Background:        True
Thread Pool:       True
============================
[Log INFO] 26.05.2022 22:28:14
============================
Telegram Update Type: Message
ID:1788879993
Message:Modify Cart
Username:jyjyhh
First Name:VLAD. Last Name:.
============================
Thread information:
Thread ID:         5
Thread State:      Background
Thread Priority:   Normal
Is thread alive:   True
Background:        True
Thread Pool:       True
============================
[Log DEBUG] 26.05.2022 22:28:14
Additional info. DBase mode GetByID(). Dbase:Server=(localdb)\mssqllocaldb;AttachDbFilename='|DataDirectory|AppData\FFoodAccdb.mdf';Database=FFoodAccdb;Trusted_Connection=True;
============================
GetByID: object with ID 1788879993 is found. It's Account.
============================
Thread information:
Thread ID:         5
Thread State:      Background
Thread Priority:   Normal
Is thread alive:   True
Background:        True
Thread Pool:       True
============================
[Log DEBUG] 26.05.2022 22:28:14
Additional info. DBase mode GetByID(). Dbase:Server=(localdb)\mssqllocaldb;AttachDbFilename='|DataDirectory|AppData\FFoodAccdb.mdf';Database=FFoodAccdb;Trusted_Connection=True;
============================
GetByID: object with ID 1788879993 is found. It's Account.
============================
Thread information:
Thread ID:         5
Thread State:      Background
Thread Priority:   Normal
Is thread alive:   True
Background:        True
Thread Pool:       True
============================
[Log INFO] 26.05.2022 22:28:18
============================
Telegram Update Type: CallbackQuery
ID:1788879993
Message:/modcartitem id*e79ee410-a5a3-4053-8c03-48673d7e5447
Username:jyjyhh
First Name:FastFood_Bot. Last Name:.
============================
Thread information:
Thread ID:         16
Thread State:      Background
Thread Priority:   Normal
Is thread alive:   True
Background:        True
Thread Pool:       True
============================
[Log DEBUG] 26.05.2022 22:28:18
Additional info. DBase mode GetByID(). Dbase:Server=(localdb)\mssqllocaldb;AttachDbFilename='|DataDirectory|AppData\FFoodAccdb.mdf';Database=FFoodAccdb;Trusted_Connection=True;
============================
GetByID: object with ID 1788879993 is found. It's Account.
============================
Thread information:
Thread ID:         16
Thread State:      Background
Thread Priority:   Normal
Is thread alive:   True
Background:        True
Thread Pool:       True
============================
[Log DEBUG] 26.05.2022 22:28:18
Additional info. DBase mode GetByID(). Dbase:Server=(localdb)\mssqllocaldb;AttachDbFilename='|DataDirectory|AppData\FFoodAccdb.mdf';Database=FFoodAccdb;Trusted_Connection=True;
============================
GetByID: object with ID 1788879993 is found. It's Account.
============================
Thread information:
Thread ID:         16
Thread State:      Background
Thread Priority:   Normal
Is thread alive:   True
Background:        True
Thread Pool:       True
============================
[Log INFO] 26.05.2022 22:28:23
============================
Telegram Update Type: Message
ID:1788879993
Message:4
Username:jyjyhh
First Name:VLAD. Last Name:.
============================
Thread information:
Thread ID:         5
Thread State:      Background
Thread Priority:   Normal
Is thread alive:   True
Background:        True
Thread Pool:       True
============================
[Log DEBUG] 26.05.2022 22:28:23
Additional info. DBase mode GetByID(). Dbase:Server=(localdb)\mssqllocaldb;AttachDbFilename='|DataDirectory|AppData\FFoodAccdb.mdf';Database=FFoodAccdb;Trusted_Connection=True;
============================
GetByID: object with ID 1788879993 is found. It's Account.
============================
Thread information:
Thread ID:         5
Thread State:      Background
Thread Priority:   Normal
Is thread alive:   True
Background:        True
Thread Pool:       True
============================
[Log DEBUG] 26.05.2022 22:28:23
Additional info. DBase mode GetByID(). Dbase:Server=(localdb)\mssqllocaldb;AttachDbFilename='|DataDirectory|AppData\FFoodAccdb.mdf';Database=FFoodAccdb;Trusted_Connection=True;
============================
GetByID: object with ID 1788879993 is found. It's Account.
============================
Thread information:
Thread ID:         5
Thread State:      Background
Thread Priority:   Normal
Is thread alive:   True
Background:        True
Thread Pool:       True
============================
[Log DEBUG] 26.05.2022 22:28:23
Additional info. DBase mode UpdateItem(). Dbase:Server=(localdb)\mssqllocaldb;AttachDbFilename='|DataDirectory|AppData\FFoodAccdb.mdf';Database=FFoodAccdb;Trusted_Connection=True;
============================
Update Item: object with ID Account data. FirstName: Vlad. LastName: Nemtsoff.
 Email: opml2007@gmail.com. Payment Method: cash. ChatID: 1788879993 is found in database. It's Account. It will be replaced with new object.
============================
Thread information:
Thread ID:         5
Thread State:      Background
Thread Priority:   Normal
Is thread alive:   True
Background:        True
Thread Pool:       True
============================
[Log INFO] 26.05.2022 22:28:31
============================
Telegram Update Type: CallbackQuery
ID:1788879993
Message:/drink
Username:jyjyhh
First Name:FastFood_Bot. Last Name:.
============================
Thread information:
Thread ID:         16
Thread State:      Background
Thread Priority:   Normal
Is thread alive:   True
Background:        True
Thread Pool:       True
============================
[Log DEBUG] 26.05.2022 22:28:31
Additional info. DBase mode GetByID(). Dbase:Server=(localdb)\mssqllocaldb;AttachDbFilename='|DataDirectory|AppData\FFoodAccdb.mdf';Database=FFoodAccdb;Trusted_Connection=True;
============================
GetByID: object with ID 1788879993 is found. It's Account.
============================
Thread information:
Thread ID:         16
Thread State:      Background
Thread Priority:   Normal
Is thread alive:   True
Background:        True
Thread Pool:       True
============================
[Log DEBUG] 26.05.2022 22:28:31
Additional info. DBase mode GetByID(). Dbase:Server=(localdb)\mssqllocaldb;AttachDbFilename='|DataDirectory|AppData\FFoodAccdb.mdf';Database=FFoodAccdb;Trusted_Connection=True;
============================
GetByID: object with ID 1788879993 is found. It's Account.
============================
Thread information:
Thread ID:         16
Thread State:      Background
Thread Priority:   Normal
Is thread alive:   True
Background:        True
Thread Pool:       True
============================
[Log DEBUG] 26.05.2022 22:28:31
Additional info. DBase mode GetByID(). Dbase:Server=(localdb)\mssqllocaldb;AttachDbFilename='|DataDirectory|AppData\FFoodAccdb.mdf';Database=FFoodAccdb;Trusted_Connection=True;
============================
GetByID: object with ID 1788879993 is found. It's Account.
============================
Thread information:
Thread ID:         16
Thread State:      Background
Thread Priority:   Normal
Is thread alive:   True
Background:        True
Thread Pool:       True
============================
[Log DEBUG] 26.05.2022 22:28:31
Additional info. DBase mode UpdateItem(). Dbase:Server=(localdb)\mssqllocaldb;AttachDbFilename='|DataDirectory|AppData\FFoodAccdb.mdf';Database=FFoodAccdb;Trusted_Connection=True;
============================
Update Item: object with ID Account data. FirstName: Vlad. LastName: Nemtsoff.
 Email: opml2007@gmail.com. Payment Method: cash. ChatID: 1788879993 is found in database. It's Account. It will be replaced with new object.
============================
Thread information:
Thread ID:         16
Thread State:      Background
Thread Priority:   Normal
Is thread alive:   True
Background:        True
Thread Pool:       True
============================
[Log DEBUG] 26.05.2022 22:28:31
Additional info. DBase mode GetByID(). Dbase:Server=(localdb)\mssqllocaldb;AttachDbFilename='|DataDirectory|AppData\FFoodAccdb.mdf';Database=FFoodAccdb;Trusted_Connection=True;
============================
GetByID: object with ID 1788879993 is found. It's Account.
============================
Thread information:
Thread ID:         16
Thread State:      Background
Thread Priority:   Normal
Is thread alive:   True
Background:        True
Thread Pool:       True
============================
[Log INFO] 26.05.2022 22:28:35
============================
Telegram Update Type: CallbackQuery
ID:1788879993
Message:/cart id*5955c5a1-735e-4b1e-85c4-fc05376cdbbc
Username:jyjyhh
First Name:FastFood_Bot. Last Name:.
============================
Thread information:
Thread ID:         16
Thread State:      Background
Thread Priority:   Normal
Is thread alive:   True
Background:        True
Thread Pool:       True
============================
[Log DEBUG] 26.05.2022 22:28:35
Additional info. DBase mode GetByID(). Dbase:Server=(localdb)\mssqllocaldb;AttachDbFilename='|DataDirectory|AppData\FFoodAccdb.mdf';Database=FFoodAccdb;Trusted_Connection=True;
============================
GetByID: object with ID 1788879993 is found. It's Account.
============================
Thread information:
Thread ID:         16
Thread State:      Background
Thread Priority:   Normal
Is thread alive:   True
Background:        True
Thread Pool:       True
============================
[Log DEBUG] 26.05.2022 22:28:35
Additional info. DBase mode GetByID(). Dbase:Server=(localdb)\mssqllocaldb;AttachDbFilename='|DataDirectory|AppData\FFoodAccdb.mdf';Database=FFoodAccdb;Trusted_Connection=True;
============================
GetByID: object with ID 1788879993 is found. It's Account.
============================
Thread information:
Thread ID:         16
Thread State:      Background
Thread Priority:   Normal
Is thread alive:   True
Background:        True
Thread Pool:       True
============================
[Log INFO] 26.05.2022 22:28:41
============================
Telegram Update Type: Message
ID:1788879993
Message:2
Username:jyjyhh
First Name:VLAD. Last Name:.
============================
Thread information:
Thread ID:         5
Thread State:      Background
Thread Priority:   Normal
Is thread alive:   True
Background:        True
Thread Pool:       True
============================
[Log DEBUG] 26.05.2022 22:28:41
Additional info. DBase mode GetByID(). Dbase:Server=(localdb)\mssqllocaldb;AttachDbFilename='|DataDirectory|AppData\FFoodAccdb.mdf';Database=FFoodAccdb;Trusted_Connection=True;
============================
GetByID: object with ID 1788879993 is found. It's Account.
============================
Thread information:
Thread ID:         5
Thread State:      Background
Thread Priority:   Normal
Is thread alive:   True
Background:        True
Thread Pool:       True
============================
[Log DEBUG] 26.05.2022 22:28:41
Additional info. DBase mode GetByID(). Dbase:Server=(localdb)\mssqllocaldb;AttachDbFilename='|DataDirectory|AppData\FFoodAccdb.mdf';Database=FFoodAccdb;Trusted_Connection=True;
============================
GetByID: object with ID 1788879993 is found. It's Account.
============================
Thread information:
Thread ID:         5
Thread State:      Background
Thread Priority:   Normal
Is thread alive:   True
Background:        True
Thread Pool:       True
============================
[Log DEBUG] 26.05.2022 22:28:41
Additional info. DBase mode UpdateItem(). Dbase:Server=(localdb)\mssqllocaldb;AttachDbFilename='|DataDirectory|AppData\FFoodAccdb.mdf';Database=FFoodAccdb;Trusted_Connection=True;
============================
Update Item: object with ID Account data. FirstName: Vlad. LastName: Nemtsoff.
 Email: opml2007@gmail.com. Payment Method: cash. ChatID: 1788879993 is found in database. It's Account. It will be replaced with new object.
============================
Thread information:
Thread ID:         5
Thread State:      Background
Thread Priority:   Normal
Is thread alive:   True
Background:        True
Thread Pool:       True
============================
[Log INFO] 26.05.2022 22:28:45
============================
Telegram Update Type: Message
ID:1788879993
Message:Order
Username:jyjyhh
First Name:VLAD. Last Name:.
============================
Thread information:
Thread ID:         5
Thread State:      Background
Thread Priority:   Normal
Is thread alive:   True
Background:        True
Thread Pool:       True
============================
[Log DEBUG] 26.05.2022 22:28:45
Additional info. DBase mode GetByID(). Dbase:Server=(localdb)\mssqllocaldb;AttachDbFilename='|DataDirectory|AppData\FFoodAccdb.mdf';Database=FFoodAccdb;Trusted_Connection=True;
============================
GetByID: object with ID 1788879993 is found. It's Account.
============================
Thread information:
Thread ID:         5
Thread State:      Background
Thread Priority:   Normal
Is thread alive:   True
Background:        True
Thread Pool:       True
============================
[Log DEBUG] 26.05.2022 22:28:45
Additional info. DBase mode GetByID(). Dbase:Server=(localdb)\mssqllocaldb;AttachDbFilename='|DataDirectory|AppData\FFoodAccdb.mdf';Database=FFoodAccdb;Trusted_Connection=True;
============================
GetByID: object with ID 1788879993 is found. It's Account.
============================
Thread information:
Thread ID:         5
Thread State:      Background
Thread Priority:   Normal
Is thread alive:   True
Background:        True
Thread Pool:       True
============================
[Log INFO] 26.05.2022 22:28:48
============================
Telegram Update Type: CallbackQuery
ID:1788879993
Message:/makeorder
Username:jyjyhh
First Name:FastFood_Bot. Last Name:.
============================
Thread information:
Thread ID:         5
Thread State:      Background
Thread Priority:   Normal
Is thread alive:   True
Background:        True
Thread Pool:       True
============================
[Log DEBUG] 26.05.2022 22:28:48
Additional info. DBase mode GetByID(). Dbase:Server=(localdb)\mssqllocaldb;AttachDbFilename='|DataDirectory|AppData\FFoodAccdb.mdf';Database=FFoodAccdb;Trusted_Connection=True;
============================
GetByID: object with ID 1788879993 is found. It's Account.
============================
Thread information:
Thread ID:         5
Thread State:      Background
Thread Priority:   Normal
Is thread alive:   True
Background:        True
Thread Pool:       True
============================
[Log DEBUG] 26.05.2022 22:28:48
Additional info. DBase mode GetByID(). Dbase:Server=(localdb)\mssqllocaldb;AttachDbFilename='|DataDirectory|AppData\FFoodAccdb.mdf';Database=FFoodAccdb;Trusted_Connection=True;
============================
GetByID: object with ID 1788879993 is found. It's Account.
============================
Thread information:
Thread ID:         5
Thread State:      Background
Thread Priority:   Normal
Is thread alive:   True
Background:        True
Thread Pool:       True
============================
[Log DEBUG] 26.05.2022 22:28:51
Additional info. DBase mode AddItemInDb(). Item type: FastFoodTelegramBot.Models.Order`2[FastFoodTelegramBot.Models.ShopCartItem`1[FastFoodTelegramBot.Models.Product],FastFoodTelegramBot.Models.Product].
============================
New object Order`2  with ID 806cd8ba-28e8-4af4-a680-5f2f3aeb6a5b is created and put in DBase file at:
Server=(localdb)\mssqllocaldb;AttachDbFilename='|DataDirectory|AppData\FFoodOrderdb.mdf';Database=FFoodOrderdb;Trusted_Connection=True;
============================
Thread information:
Thread ID:         5
Thread State:      Background
Thread Priority:   Normal
Is thread alive:   True
Background:        True
Thread Pool:       True
============================
[Log DEBUG] 26.05.2022 22:28:53
Additional info. From:"FastFood Service" <fastfoodbot@mail.ru>. To:opml2007@gmail.com. Subject: FastFoodBot: Order created - 26.05.2022 22:28:48.
============================
Email has been sent
============================
Thread information:
Thread ID:         6
Thread State:      Background
Thread Priority:   Normal
Is thread alive:   True
Background:        True
Thread Pool:       True
============================
[Log DEBUG] 26.05.2022 22:28:57
Additional info. From:"FastFood Service" <fastfoodbot@mail.ru>. To:opml2007@gmail.com. Subject: FastFoodBot: Order packaged - 26.05.2022 22:28:48
============================
Email has been sent
============================
Thread information:
Thread ID:         13
Thread State:      Background
Thread Priority:   Normal
Is thread alive:   True
Background:        True
Thread Pool:       True
============================
[Log DEBUG] 26.05.2022 22:29:01
Additional info. From:"FastFood Service" <fastfoodbot@mail.ru>. To:opml2007@gmail.com. Subject: FastFoodBot: Order deliveried - 26.05.2022 22:28:48
============================
Email has been sent
============================
Thread information:
Thread ID:         19
Thread State:      Background
Thread Priority:   Normal
Is thread alive:   True
Background:        True
Thread Pool:       True
============================
[Log DEBUG] 26.05.2022 22:29:02
Additional info. DBase mode GetByID(). Dbase:Server=(localdb)\mssqllocaldb;AttachDbFilename='|DataDirectory|AppData\FFoodAccdb.mdf';Database=FFoodAccdb;Trusted_Connection=True;
============================
GetByID: object with ID 1788879993 is found. It's Account.
============================
Thread information:
Thread ID:         5
Thread State:      Background
Thread Priority:   Normal
Is thread alive:   True
Background:        True
Thread Pool:       True
============================
[Log INFO] 26.05.2022 22:29:02
============================
Telegram Update Type: CallbackQuery
ID:406863197
Message:/makeorder
Username:
First Name:FastFood_Bot. Last Name:.
============================
Thread information:
Thread ID:         16
Thread State:      Background
Thread Priority:   Normal
Is thread alive:   True
Background:        True
Thread Pool:       True
============================
[Log DEBUG] 26.05.2022 22:29:02
Additional info. DBase mode GetByID(). Dbase:Server=(localdb)\mssqllocaldb;AttachDbFilename='|DataDirectory|AppData\FFoodAccdb.mdf';Database=FFoodAccdb;Trusted_Connection=True;
============================
GetByID: object with ID 406863197 is found. It's Account.
============================
Thread information:
Thread ID:         16
Thread State:      Background
Thread Priority:   Normal
Is thread alive:   True
Background:        True
Thread Pool:       True
============================
[Log DEBUG] 26.05.2022 22:29:02
Additional info. DBase mode GetByID(). Dbase:Server=(localdb)\mssqllocaldb;AttachDbFilename='|DataDirectory|AppData\FFoodAccdb.mdf';Database=FFoodAccdb;Trusted_Connection=True;
============================
GetByID: object with ID 406863197 is found. It's Account.
============================
Thread information:
Thread ID:         16
Thread State:      Background
Thread Priority:   Normal
Is thread alive:   True
Background:        True
Thread Pool:       True
============================
[Log DEBUG] 26.05.2022 22:29:02
Additional info. DBase mode AddItemInDb(). Item type: FastFoodTelegramBot.Models.Order`2[FastFoodTelegramBot.Models.ShopCartItem`1[FastFoodTelegramBot.Models.Product],FastFoodTelegramBot.Models.Product].
============================
New object Order`2  with ID 2747656b-ab13-40b7-8c58-1eeeba09c1a4 is created and put in DBase file at:
Server=(localdb)\mssqllocaldb;AttachDbFilename='|DataDirectory|AppData\FFoodOrderdb.mdf';Database=FFoodOrderdb;Trusted_Connection=True;
============================
Thread information:
Thread ID:         16
Thread State:      Background
Thread Priority:   Normal
Is thread alive:   True
Background:        True
Thread Pool:       True
============================
[Log DEBUG] 26.05.2022 22:29:04
Additional info. From:"FastFood Service" <fastfoodbot@mail.ru>. To:nemtsov.ml@yandex.ru. Subject: FastFoodBot: Order created - 26.05.2022 22:29:02.
============================
Email has been sent
============================
Thread information:
Thread ID:         19
Thread State:      Background
Thread Priority:   Normal
Is thread alive:   True
Background:        True
Thread Pool:       True
============================
[Log DEBUG] 26.05.2022 22:29:07
Additional info. From:"FastFood Service" <fastfoodbot@mail.ru>. To:nemtsov.ml@yandex.ru. Subject: FastFoodBot: Order packaged - 26.05.2022 22:29:02
============================
Email has been sent
============================
Thread information:
Thread ID:         13
Thread State:      Background
Thread Priority:   Normal
Is thread alive:   True
Background:        True
Thread Pool:       True
============================
[Log DEBUG] 26.05.2022 22:29:12
Additional info. From:"FastFood Service" <fastfoodbot@mail.ru>. To:nemtsov.ml@yandex.ru. Subject: FastFoodBot: Order deliveried - 26.05.2022 22:29:02
============================
Email has been sent
============================
Thread information:
Thread ID:         13
Thread State:      Background
Thread Priority:   Normal
Is thread alive:   True
Background:        True
Thread Pool:       True
============================
[Log DEBUG] 26.05.2022 22:29:12
Additional info. DBase mode GetByID(). Dbase:Server=(localdb)\mssqllocaldb;AttachDbFilename='|DataDirectory|AppData\FFoodAccdb.mdf';Database=FFoodAccdb;Trusted_Connection=True;
============================
GetByID: object with ID 406863197 is found. It's Account.
============================
Thread information:
Thread ID:         16
Thread State:      Background
Thread Priority:   Normal
Is thread alive:   True
Background:        True
Thread Pool:       True
============================
[Log DEBUG] 26.05.2022 22:35:31
Additional info. Log level: info. Email Service: Gmail.
============================
Source mode:db
============================
Thread information:
Thread ID:         1
Thread State:      Running
Thread Priority:   Normal
Is thread alive:   True
Background:        False
Thread Pool:       False
============================
[Log DEBUG] 26.05.2022 22:35:38
Additional info. DBase mode LoadDBToList(). List type: System.Collections.Generic.List`1[FastFoodTelegramBot.Models.Product].
============================
Object database loaded to List List`1 from DBase file at: Server=(localdb)\mssqllocaldb;AttachDbFilename='|DataDirectory|AppData\FFoodProddb.mdf';Database=FFoodProddb;Trusted_Connection=True;
============================
Thread information:
Thread ID:         1
Thread State:      Running
Thread Priority:   Normal
Is thread alive:   True
Background:        False
Thread Pool:       False
============================
[Log INFO] 26.05.2022 22:35:51
============================
Telegram Update Type: CallbackQuery
ID:406863197
Message:/restart
Username:
First Name:FastFood_Bot. Last Name:.
============================
Thread information:
Thread ID:         7
Thread State:      Background
Thread Priority:   Normal
Is thread alive:   True
Background:        True
Thread Pool:       True
============================
[Log DEBUG] 26.05.2022 22:35:53
Additional info. DBase mode GetByID(). Dbase:Server=(localdb)\mssqllocaldb;AttachDbFilename='|DataDirectory|AppData\FFoodAccdb.mdf';Database=FFoodAccdb;Trusted_Connection=True;
============================
GetByID: object with ID 406863197 is found. It's Account.
============================
Thread information:
Thread ID:         7
Thread State:      Background
Thread Priority:   Normal
Is thread alive:   True
Background:        True
Thread Pool:       True
============================
[Log DEBUG] 26.05.2022 22:35:54
Additional info. DBase mode GetByID(). Dbase:Server=(localdb)\mssqllocaldb;AttachDbFilename='|DataDirectory|AppData\FFoodAccdb.mdf';Database=FFoodAccdb;Trusted_Connection=True;
============================
GetByID: object with ID 406863197 is found. It's Account.
============================
Thread information:
Thread ID:         7
Thread State:      Background
Thread Priority:   Normal
Is thread alive:   True
Background:        True
Thread Pool:       True
============================
