[Log DEBUG] 26.05.2022 22:12:01
Additional info. List Mode: GetByID(). User Chat Id:1788879993.
============================
GetByID: object with ID 1788879993 is found. It's Vlad.
============================
Thread information:
Thread ID:         11
Thread State:      Background
Thread Priority:   Normal
Is thread alive:   True
Background:        True
Thread Pool:       True
============================
[Log INFO] 26.05.2022 22:12:09
============================
Telegram Update Type: CallbackQuery
ID:1788879993
Message:/pizza
Username:jyjyhh
First Name:FastFood_Bot. Last Name:.
============================
Thread information:
Thread ID:         11
Thread State:      Background
Thread Priority:   Normal
Is thread alive:   True
Background:        True
Thread Pool:       True
============================
[Log DEBUG] 26.05.2022 22:12:09
Additional info. List Mode: GetByID(). User Chat Id:1788879993.
============================
GetByID: object with ID 1788879993 is found. It's Vlad.
============================
Thread information:
Thread ID:         11
Thread State:      Background
Thread Priority:   Normal
Is thread alive:   True
Background:        True
Thread Pool:       True
============================
[Log DEBUG] 26.05.2022 22:12:09
Additional info. List Mode: GetByID(). User Chat Id:1788879993.
============================
GetByID: object with ID 1788879993 is found. It's Vlad.
============================
Thread information:
Thread ID:         11
Thread State:      Background
Thread Priority:   Normal
Is thread alive:   True
Background:        True
Thread Pool:       True
============================
[Log DEBUG] 26.05.2022 22:12:09
Additional info. List Mode: GetByID(). User Chat Id:1788879993.
============================
GetByID: object with ID 1788879993 is found. It's Vlad.
============================
Thread information:
Thread ID:         11
Thread State:      Background
Thread Priority:   Normal
Is thread alive:   True
Background:        True
Thread Pool:       True
============================
[Log DEBUG] 26.05.2022 22:12:09
Additional info. List Mode: GetByID(). User Chat Id:1788879993.
============================
GetByID: object with ID 1788879993 is found. It's Vlad.
============================
Thread information:
Thread ID:         11
Thread State:      Background
Thread Priority:   Normal
Is thread alive:   True
Background:        True
Thread Pool:       True
============================
[Log INFO] 26.05.2022 22:12:18
============================
Telegram Update Type: CallbackQuery
ID:1788879993
Message:/cart id*3d3d2366-42b3-4584-b869-de4afa0deea8
Username:jyjyhh
First Name:FastFood_Bot. Last Name:.
============================
Thread information:
Thread ID:         11
Thread State:      Background
Thread Priority:   Normal
Is thread alive:   True
Background:        True
Thread Pool:       True
============================
[Log DEBUG] 26.05.2022 22:12:18
Additional info. List Mode: GetByID(). User Chat Id:1788879993.
============================
GetByID: object with ID 1788879993 is found. It's Vlad.
============================
Thread information:
Thread ID:         11
Thread State:      Background
Thread Priority:   Normal
Is thread alive:   True
Background:        True
Thread Pool:       True
============================
[Log DEBUG] 26.05.2022 22:12:18
Additional info. List Mode: GetByID(). User Chat Id:1788879993.
============================
GetByID: object with ID 1788879993 is found. It's Vlad.
============================
Thread information:
Thread ID:         11
Thread State:      Background
Thread Priority:   Normal
Is thread alive:   True
Background:        True
Thread Pool:       True
============================
[Log INFO] 26.05.2022 22:12:24
============================
Telegram Update Type: Message
ID:1788879993
Message:1
Username:jyjyhh
First Name:VLAD. Last Name:.
============================
Thread information:
Thread ID:         11
Thread State:      Background
Thread Priority:   Normal
Is thread alive:   True
Background:        True
Thread Pool:       True
============================
[Log DEBUG] 26.05.2022 22:12:24
Additional info. List Mode: GetByID(). User Chat Id:1788879993.
============================
GetByID: object with ID 1788879993 is found. It's Vlad.
============================
Thread information:
Thread ID:         11
Thread State:      Background
Thread Priority:   Normal
Is thread alive:   True
Background:        True
Thread Pool:       True
============================
[Log DEBUG] 26.05.2022 22:12:24
Additional info. List Mode: GetByID(). User Chat Id:1788879993.
============================
GetByID: object with ID 1788879993 is found. It's Vlad.
============================
Thread information:
Thread ID:         11
Thread State:      Background
Thread Priority:   Normal
Is thread alive:   True
Background:        True
Thread Pool:       True
============================
[Log INFO] 26.05.2022 22:12:27
============================
Telegram Update Type: Message
ID:1788879993
Message:View Cart
Username:jyjyhh
First Name:VLAD. Last Name:.
============================
Thread information:
Thread ID:         14
Thread State:      Background
Thread Priority:   Normal
Is thread alive:   True
Background:        True
Thread Pool:       True
============================
[Log DEBUG] 26.05.2022 22:12:27
Additional info. List Mode: GetByID(). User Chat Id:1788879993.
============================
GetByID: object with ID 1788879993 is found. It's Vlad.
============================
Thread information:
Thread ID:         14
Thread State:      Background
Thread Priority:   Normal
Is thread alive:   True
Background:        True
Thread Pool:       True
============================
[Log DEBUG] 26.05.2022 22:12:27
Additional info. List Mode: GetByID(). User Chat Id:1788879993.
============================
GetByID: object with ID 1788879993 is found. It's Vlad.
============================
Thread information:
Thread ID:         14
Thread State:      Background
Thread Priority:   Normal
Is thread alive:   True
Background:        True
Thread Pool:       True
============================
[Log INFO] 26.05.2022 22:12:41
============================
Telegram Update Type: Message
ID:406863197
Message:Modify Cart
Username:
First Name:Mike. Last Name:N..
============================
Thread information:
Thread ID:         11
Thread State:      Background
Thread Priority:   Normal
Is thread alive:   True
Background:        True
Thread Pool:       True
============================
[Log DEBUG] 26.05.2022 22:12:41
Additional info. List Mode: GetByID(). User Chat Id:406863197.
============================
GetByID: object with ID 406863197 is found. It's Mike.
============================
Thread information:
Thread ID:         11
Thread State:      Background
Thread Priority:   Normal
Is thread alive:   True
Background:        True
Thread Pool:       True
============================
[Log DEBUG] 26.05.2022 22:12:41
Additional info. List Mode: GetByID(). User Chat Id:406863197.
============================
GetByID: object with ID 406863197 is found. It's Mike.
============================
Thread information:
Thread ID:         11
Thread State:      Background
Thread Priority:   Normal
Is thread alive:   True
Background:        True
Thread Pool:       True
============================
[Log INFO] 26.05.2022 22:12:51
============================
Telegram Update Type: Message
ID:406863197
Message:View Cart
Username:
First Name:Mike. Last Name:N..
============================
Thread information:
Thread ID:         11
Thread State:      Background
Thread Priority:   Normal
Is thread alive:   True
Background:        True
Thread Pool:       True
============================
[Log DEBUG] 26.05.2022 22:12:51
Additional info. List Mode: GetByID(). User Chat Id:406863197.
============================
GetByID: object with ID 406863197 is found. It's Mike.
============================
Thread information:
Thread ID:         11
Thread State:      Background
Thread Priority:   Normal
Is thread alive:   True
Background:        True
Thread Pool:       True
============================
[Log DEBUG] 26.05.2022 22:12:51
Additional info. List Mode: GetByID(). User Chat Id:406863197.
============================
GetByID: object with ID 406863197 is found. It's Mike.
============================
Thread information:
Thread ID:         11
Thread State:      Background
Thread Priority:   Normal
Is thread alive:   True
Background:        True
Thread Pool:       True
============================
[Log INFO] 26.05.2022 22:13:00
============================
Telegram Update Type: Message
ID:406863197
Message:Modify Cart
Username:
First Name:Mike. Last Name:N..
============================
Thread information:
Thread ID:         11
Thread State:      Background
Thread Priority:   Normal
Is thread alive:   True
Background:        True
Thread Pool:       True
============================
[Log DEBUG] 26.05.2022 22:13:00
Additional info. List Mode: GetByID(). User Chat Id:406863197.
============================
GetByID: object with ID 406863197 is found. It's Mike.
============================
Thread information:
Thread ID:         11
Thread State:      Background
Thread Priority:   Normal
Is thread alive:   True
Background:        True
Thread Pool:       True
============================
[Log DEBUG] 26.05.2022 22:13:00
Additional info. List Mode: GetByID(). User Chat Id:406863197.
============================
GetByID: object with ID 406863197 is found. It's Mike.
============================
Thread information:
Thread ID:         11
Thread State:      Background
Thread Priority:   Normal
Is thread alive:   True
Background:        True
Thread Pool:       True
============================
[Log INFO] 26.05.2022 22:13:04
============================
Telegram Update Type: CallbackQuery
ID:406863197
Message:/modcartitem id*437c9e80-9fa7-419d-98bd-4d65cf4bf9fa
Username:
First Name:FastFood_Bot. Last Name:.
============================
Thread information:
Thread ID:         11
Thread State:      Background
Thread Priority:   Normal
Is thread alive:   True
Background:        True
Thread Pool:       True
============================
[Log DEBUG] 26.05.2022 22:13:04
Additional info. List Mode: GetByID(). User Chat Id:406863197.
============================
GetByID: object with ID 406863197 is found. It's Mike.
============================
Thread information:
Thread ID:         11
Thread State:      Background
Thread Priority:   Normal
Is thread alive:   True
Background:        True
Thread Pool:       True
============================
[Log DEBUG] 26.05.2022 22:13:04
Additional info. List Mode: GetByID(). User Chat Id:406863197.
============================
GetByID: object with ID 406863197 is found. It's Mike.
============================
Thread information:
Thread ID:         11
Thread State:      Background
Thread Priority:   Normal
Is thread alive:   True
Background:        True
Thread Pool:       True
============================
[Log INFO] 26.05.2022 22:13:07
============================
Telegram Update Type: Message
ID:406863197
Message:5
Username:
First Name:Mike. Last Name:N..
============================
Thread information:
Thread ID:         14
Thread State:      Background
Thread Priority:   Normal
Is thread alive:   True
Background:        True
Thread Pool:       True
============================
[Log DEBUG] 26.05.2022 22:13:07
Additional info. List Mode: GetByID(). User Chat Id:406863197.
============================
GetByID: object with ID 406863197 is found. It's Mike.
============================
Thread information:
Thread ID:         14
Thread State:      Background
Thread Priority:   Normal
Is thread alive:   True
Background:        True
Thread Pool:       True
============================
[Log DEBUG] 26.05.2022 22:13:07
Additional info. List Mode: GetByID(). User Chat Id:406863197.
============================
GetByID: object with ID 406863197 is found. It's Mike.
============================
Thread information:
Thread ID:         14
Thread State:      Background
Thread Priority:   Normal
Is thread alive:   True
Background:        True
Thread Pool:       True
============================
[Log INFO] 26.05.2022 22:13:17
============================
Telegram Update Type: CallbackQuery
ID:406863197
Message:/modcartitem id*0c622f3e-0397-4782-b935-ad5479fc1e49
Username:
First Name:FastFood_Bot. Last Name:.
============================
Thread information:
Thread ID:         11
Thread State:      Background
Thread Priority:   Normal
Is thread alive:   True
Background:        True
Thread Pool:       True
============================
[Log DEBUG] 26.05.2022 22:13:17
Additional info. List Mode: GetByID(). User Chat Id:406863197.
============================
GetByID: object with ID 406863197 is found. It's Mike.
============================
Thread information:
Thread ID:         11
Thread State:      Background
Thread Priority:   Normal
Is thread alive:   True
Background:        True
Thread Pool:       True
============================
[Log DEBUG] 26.05.2022 22:13:17
Additional info. List Mode: GetByID(). User Chat Id:406863197.
============================
GetByID: object with ID 406863197 is found. It's Mike.
============================
Thread information:
Thread ID:         11
Thread State:      Background
Thread Priority:   Normal
Is thread alive:   True
Background:        True
Thread Pool:       True
============================
[Log INFO] 26.05.2022 22:13:21
============================
Telegram Update Type: Message
ID:406863197
Message:3
Username:
First Name:Mike. Last Name:N..
============================
Thread information:
Thread ID:         14
Thread State:      Background
Thread Priority:   Normal
Is thread alive:   True
Background:        True
Thread Pool:       True
============================
[Log DEBUG] 26.05.2022 22:13:21
Additional info. List Mode: GetByID(). User Chat Id:406863197.
============================
GetByID: object with ID 406863197 is found. It's Mike.
============================
Thread information:
Thread ID:         14
Thread State:      Background
Thread Priority:   Normal
Is thread alive:   True
Background:        True
Thread Pool:       True
============================
[Log DEBUG] 26.05.2022 22:13:21
Additional info. List Mode: GetByID(). User Chat Id:406863197.
============================
GetByID: object with ID 406863197 is found. It's Mike.
============================
Thread information:
Thread ID:         14
Thread State:      Background
Thread Priority:   Normal
Is thread alive:   True
Background:        True
Thread Pool:       True
============================
[Log INFO] 26.05.2022 22:13:31
============================
Telegram Update Type: Message
ID:1788879993
Message:Modify Cart
Username:jyjyhh
First Name:VLAD. Last Name:.
============================
Thread information:
Thread ID:         11
Thread State:      Background
Thread Priority:   Normal
Is thread alive:   True
Background:        True
Thread Pool:       True
============================
[Log DEBUG] 26.05.2022 22:13:31
Additional info. List Mode: GetByID(). User Chat Id:1788879993.
============================
GetByID: object with ID 1788879993 is found. It's Vlad.
============================
Thread information:
Thread ID:         11
Thread State:      Background
Thread Priority:   Normal
Is thread alive:   True
Background:        True
Thread Pool:       True
============================
[Log DEBUG] 26.05.2022 22:13:31
Additional info. List Mode: GetByID(). User Chat Id:1788879993.
============================
GetByID: object with ID 1788879993 is found. It's Vlad.
============================
Thread information:
Thread ID:         11
Thread State:      Background
Thread Priority:   Normal
Is thread alive:   True
Background:        True
Thread Pool:       True
============================
[Log INFO] 26.05.2022 22:13:35
============================
Telegram Update Type: CallbackQuery
ID:1788879993
Message:/modcartitem id*c8d96600-250d-46bb-9b87-4babb7a2b7ae
Username:jyjyhh
First Name:FastFood_Bot. Last Name:.
============================
Thread information:
Thread ID:         11
Thread State:      Background
Thread Priority:   Normal
Is thread alive:   True
Background:        True
Thread Pool:       True
============================
[Log DEBUG] 26.05.2022 22:13:35
Additional info. List Mode: GetByID(). User Chat Id:1788879993.
============================
GetByID: object with ID 1788879993 is found. It's Vlad.
============================
Thread information:
Thread ID:         11
Thread State:      Background
Thread Priority:   Normal
Is thread alive:   True
Background:        True
Thread Pool:       True
============================
[Log DEBUG] 26.05.2022 22:13:35
Additional info. List Mode: GetByID(). User Chat Id:1788879993.
============================
GetByID: object with ID 1788879993 is found. It's Vlad.
============================
Thread information:
Thread ID:         11
Thread State:      Background
Thread Priority:   Normal
Is thread alive:   True
Background:        True
Thread Pool:       True
============================
[Log INFO] 26.05.2022 22:13:41
============================
Telegram Update Type: Message
ID:1788879993
Message:3
Username:jyjyhh
First Name:VLAD. Last Name:.
============================
Thread information:
Thread ID:         14
Thread State:      Background
Thread Priority:   Normal
Is thread alive:   True
Background:        True
Thread Pool:       True
============================
[Log DEBUG] 26.05.2022 22:13:41
Additional info. List Mode: GetByID(). User Chat Id:1788879993.
============================
GetByID: object with ID 1788879993 is found. It's Vlad.
============================
Thread information:
Thread ID:         14
Thread State:      Background
Thread Priority:   Normal
Is thread alive:   True
Background:        True
Thread Pool:       True
============================
[Log DEBUG] 26.05.2022 22:13:41
Additional info. List Mode: GetByID(). User Chat Id:1788879993.
============================
GetByID: object with ID 1788879993 is found. It's Vlad.
============================
Thread information:
Thread ID:         14
Thread State:      Background
Thread Priority:   Normal
Is thread alive:   True
Background:        True
Thread Pool:       True
============================
[Log INFO] 26.05.2022 22:13:48
============================
Telegram Update Type: Message
ID:406863197
Message:Order
Username:
First Name:Mike. Last Name:N..
============================
Thread information:
Thread ID:         11
Thread State:      Background
Thread Priority:   Normal
Is thread alive:   True
Background:        True
Thread Pool:       True
============================
[Log DEBUG] 26.05.2022 22:13:48
Additional info. List Mode: GetByID(). User Chat Id:406863197.
============================
GetByID: object with ID 406863197 is found. It's Mike.
============================
Thread information:
Thread ID:         11
Thread State:      Background
Thread Priority:   Normal
Is thread alive:   True
Background:        True
Thread Pool:       True
============================
[Log DEBUG] 26.05.2022 22:13:48
Additional info. List Mode: GetByID(). User Chat Id:406863197.
============================
GetByID: object with ID 406863197 is found. It's Mike.
============================
Thread information:
Thread ID:         11
Thread State:      Background
Thread Priority:   Normal
Is thread alive:   True
Background:        True
Thread Pool:       True
============================
[Log INFO] 26.05.2022 22:13:51
============================
Telegram Update Type: CallbackQuery
ID:406863197
Message:/makeorder
Username:
First Name:FastFood_Bot. Last Name:.
============================
Thread information:
Thread ID:         11
Thread State:      Background
Thread Priority:   Normal
Is thread alive:   True
Background:        True
Thread Pool:       True
============================
[Log DEBUG] 26.05.2022 22:13:51
Additional info. List Mode: GetByID(). User Chat Id:406863197.
============================
GetByID: object with ID 406863197 is found. It's Mike.
============================
Thread information:
Thread ID:         11
Thread State:      Background
Thread Priority:   Normal
Is thread alive:   True
Background:        True
Thread Pool:       True
============================
[Log DEBUG] 26.05.2022 22:13:51
Additional info. List Mode: GetByID(). User Chat Id:406863197.
============================
GetByID: object with ID 406863197 is found. It's Mike.
============================
Thread information:
Thread ID:         11
Thread State:      Background
Thread Priority:   Normal
Is thread alive:   True
Background:        True
Thread Pool:       True
============================
[Log DEBUG] 26.05.2022 22:13:54
Additional info. From:"FastFood Service" <fastfoodbot@mail.ru>. To:nemtsov.ml@yandex.ru. Subject: FastFoodBot: Order created - 26.05.2022 22:13:51.
============================
Email has been sent
============================
Thread information:
Thread ID:         15
Thread State:      Background
Thread Priority:   Normal
Is thread alive:   True
Background:        True
Thread Pool:       True
============================
[Log DEBUG] 26.05.2022 22:13:57
Additional info. From:"FastFood Service" <fastfoodbot@mail.ru>. To:nemtsov.ml@yandex.ru. Subject: FastFoodBot: Order packaged - 26.05.2022 22:13:51
============================
Email has been sent
============================
Thread information:
Thread ID:         12
Thread State:      Background
Thread Priority:   Normal
Is thread alive:   True
Background:        True
Thread Pool:       True
============================
[Log DEBUG] 26.05.2022 22:14:02
Additional info. From:"FastFood Service" <fastfoodbot@mail.ru>. To:nemtsov.ml@yandex.ru. Subject: FastFoodBot: Order deliveried - 26.05.2022 22:13:51
============================
Email has been sent
============================
Thread information:
Thread ID:         7
Thread State:      Background
Thread Priority:   Normal
Is thread alive:   True
Background:        True
Thread Pool:       True
============================
[Log DEBUG] 26.05.2022 22:14:02
Additional info. List Mode: GetByID(). User Chat Id:406863197.
============================
GetByID: object with ID 406863197 is found. It's Mike.
============================
Thread information:
Thread ID:         13
Thread State:      Background
Thread Priority:   Normal
Is thread alive:   True
Background:        True
Thread Pool:       True
============================
[Log INFO] 26.05.2022 22:14:02
============================
Telegram Update Type: Message
ID:1788879993
Message:Order
Username:jyjyhh
First Name:VLAD. Last Name:.
============================
Thread information:
Thread ID:         11
Thread State:      Background
Thread Priority:   Normal
Is thread alive:   True
Background:        True
Thread Pool:       True
============================
[Log DEBUG] 26.05.2022 22:14:02
Additional info. List Mode: GetByID(). User Chat Id:1788879993.
============================
GetByID: object with ID 1788879993 is found. It's Vlad.
============================
Thread information:
Thread ID:         11
Thread State:      Background
Thread Priority:   Normal
Is thread alive:   True
Background:        True
Thread Pool:       True
============================
[Log DEBUG] 26.05.2022 22:14:02
Additional info. List Mode: GetByID(). User Chat Id:1788879993.
============================
GetByID: object with ID 1788879993 is found. It's Vlad.
============================
Thread information:
Thread ID:         11
Thread State:      Background
Thread Priority:   Normal
Is thread alive:   True
Background:        True
Thread Pool:       True
============================
[Log INFO] 26.05.2022 22:14:07
============================
Telegram Update Type: CallbackQuery
ID:1788879993
Message:/makeorder
Username:jyjyhh
First Name:FastFood_Bot. Last Name:.
============================
Thread information:
Thread ID:         11
Thread State:      Background
Thread Priority:   Normal
Is thread alive:   True
Background:        True
Thread Pool:       True
============================
[Log DEBUG] 26.05.2022 22:14:07
Additional info. List Mode: GetByID(). User Chat Id:1788879993.
============================
GetByID: object with ID 1788879993 is found. It's Vlad.
============================
Thread information:
Thread ID:         11
Thread State:      Background
Thread Priority:   Normal
Is thread alive:   True
Background:        True
Thread Pool:       True
============================
[Log DEBUG] 26.05.2022 22:14:07
Additional info. List Mode: GetByID(). User Chat Id:1788879993.
============================
GetByID: object with ID 1788879993 is found. It's Vlad.
============================
Thread information:
Thread ID:         11
Thread State:      Background
Thread Priority:   Normal
Is thread alive:   True
Background:        True
Thread Pool:       True
============================
[Log DEBUG] 26.05.2022 22:14:08
Additional info. From:"FastFood Service" <fastfoodbot@mail.ru>. To:opml2007@gmail.com. Subject: FastFoodBot: Order created - 26.05.2022 22:14:07.
============================
Email has been sent
============================
Thread information:
Thread ID:         15
Thread State:      Background
Thread Priority:   Normal
Is thread alive:   True
Background:        True
Thread Pool:       True
============================
[Log DEBUG] 26.05.2022 22:14:12
Additional info. From:"FastFood Service" <fastfoodbot@mail.ru>. To:opml2007@gmail.com. Subject: FastFoodBot: Order packaged - 26.05.2022 22:14:07
============================
Email has been sent
============================
Thread information:
Thread ID:         8
Thread State:      Background
Thread Priority:   Normal
Is thread alive:   True
Background:        True
Thread Pool:       True
============================
[Log DEBUG] 26.05.2022 22:14:17
Additional info. From:"FastFood Service" <fastfoodbot@mail.ru>. To:opml2007@gmail.com. Subject: FastFoodBot: Order deliveried - 26.05.2022 22:14:07
============================
Email has been sent
============================
Thread information:
Thread ID:         8
Thread State:      Background
Thread Priority:   Normal
Is thread alive:   True
Background:        True
Thread Pool:       True
============================
[Log DEBUG] 26.05.2022 22:14:17
Additional info. List Mode: GetByID(). User Chat Id:1788879993.
============================
GetByID: object with ID 1788879993 is found. It's Vlad.
============================
Thread information:
Thread ID:         11
Thread State:      Background
Thread Priority:   Normal
Is thread alive:   True
Background:        True
Thread Pool:       True
============================
[Log DEBUG] 26.05.2022 22:15:53
Additional info. Log level: info. Email Service: Gmail.
============================
Source mode:json
============================
Thread information:
Thread ID:         1
Thread State:      Running
Thread Priority:   Normal
Is thread alive:   True
Background:        False
Thread Pool:       False
============================
[Log DEBUG] 26.05.2022 22:15:53
Additional info. JSON mode LoadFileToList(). List type : System.Collections.Generic.List`1[FastFoodTelegramBot.Models.Product]
============================
Object database loaded from Repository JSON file at: C:\Users\wisor\source\repos\FastFoodTelegramBot\FastFoodTelegramBot\FastFoodTelegramBot\bin\Debug\net5.0\AppData\prodRepos.json
============================
Thread information:
Thread ID:         1
Thread State:      Running
Thread Priority:   Normal
Is thread alive:   True
Background:        False
Thread Pool:       False
============================
[Log INFO] 26.05.2022 22:16:10
============================
Telegram Update Type: CallbackQuery
ID:406863197
Message:/restart
Username:
First Name:FastFood_Bot. Last Name:.
============================
Thread information:
Thread ID:         6
Thread State:      Background
Thread Priority:   Normal
Is thread alive:   True
Background:        True
Thread Pool:       True
============================
[Log DEBUG] 26.05.2022 22:16:10
Additional info. JSON mode LoadFileToList(). List type : System.Collections.Generic.List`1[FastFoodTelegramBot.Models.Account]
============================
Object database loaded from Repository JSON file at: C:\Users\wisor\source\repos\FastFoodTelegramBot\FastFoodTelegramBot\FastFoodTelegramBot\bin\Debug\net5.0\AppData\accRepos.json
============================
Thread information:
Thread ID:         6
Thread State:      Background
Thread Priority:   Normal
Is thread alive:   True
Background:        True
Thread Pool:       True
============================
[Log DEBUG] 26.05.2022 22:16:10
Additional info. JSON mode. GetByID(). List type: System.Collections.Generic.List`1[FastFoodTelegramBot.Models.Account]. Object ID: 406863197.
============================
GetByID: object with ID 406863197  is found. It's Account.
============================
Thread information:
Thread ID:         6
Thread State:      Background
Thread Priority:   Normal
Is thread alive:   True
Background:        True
Thread Pool:       True
============================
[Log DEBUG] 26.05.2022 22:16:10
Additional info. JSON mode LoadFileToList(). List type : System.Collections.Generic.List`1[FastFoodTelegramBot.Models.Account]
============================
Object database loaded from Repository JSON file at: C:\Users\wisor\source\repos\FastFoodTelegramBot\FastFoodTelegramBot\FastFoodTelegramBot\bin\Debug\net5.0\AppData\accRepos.json
============================
Thread information:
Thread ID:         6
Thread State:      Background
Thread Priority:   Normal
Is thread alive:   True
Background:        True
Thread Pool:       True
============================
[Log DEBUG] 26.05.2022 22:16:10
Additional info. JSON mode. GetByID(). List type: System.Collections.Generic.List`1[FastFoodTelegramBot.Models.Account]. Object ID: 406863197.
============================
GetByID: object with ID 406863197  is found. It's Account.
============================
Thread information:
Thread ID:         6
Thread State:      Background
Thread Priority:   Normal
Is thread alive:   True
Background:        True
Thread Pool:       True
============================
