[Log DEBUG] 26.05.2022 22:10:09
Additional info. List Mode: GetByID(). User Chat Id:406863197.
============================
GetByID: object with ID 406863197 is found. It's Mike.
============================
Thread information:
Thread ID:         11
Thread State:      Background
Thread Priority:   Normal
Is thread alive:   True
Background:        True
Thread Pool:       True
============================
[Log DEBUG] 26.05.2022 22:10:09
Additional info. List Mode: GetByID(). User Chat Id:406863197.
============================
GetByID: object with ID 406863197 is found. It's Mike.
============================
Thread information:
Thread ID:         11
Thread State:      Background
Thread Priority:   Normal
Is thread alive:   True
Background:        True
Thread Pool:       True
============================
[Log INFO] 26.05.2022 22:10:13
============================
Telegram Update Type: Message
ID:406863197
Message:/reginfo
Username:
First Name:Mike. Last Name:N..
============================
Thread information:
Thread ID:         14
Thread State:      Background
Thread Priority:   Normal
Is thread alive:   True
Background:        True
Thread Pool:       True
============================
[Log DEBUG] 26.05.2022 22:10:13
Additional info. List Mode: GetByID(). User Chat Id:406863197.
============================
GetByID: object with ID 406863197 is found. It's Mike.
============================
Thread information:
Thread ID:         14
Thread State:      Background
Thread Priority:   Normal
Is thread alive:   True
Background:        True
Thread Pool:       True
============================
[Log DEBUG] 26.05.2022 22:10:13
Additional info. List Mode: GetByID(). User Chat Id:406863197.
============================
GetByID: object with ID 406863197 is found. It's Mike.
============================
Thread information:
Thread ID:         14
Thread State:      Background
Thread Priority:   Normal
Is thread alive:   True
Background:        True
Thread Pool:       True
============================
[Log INFO] 26.05.2022 22:10:22
============================
Telegram Update Type: Message
ID:406863197
Message:/sushi
Username:
First Name:Mike. Last Name:N..
============================
Thread information:
Thread ID:         11
Thread State:      Background
Thread Priority:   Normal
Is thread alive:   True
Background:        True
Thread Pool:       True
============================
[Log DEBUG] 26.05.2022 22:10:22
Additional info. List Mode: GetByID(). User Chat Id:406863197.
============================
GetByID: object with ID 406863197 is found. It's Mike.
============================
Thread information:
Thread ID:         11
Thread State:      Background
Thread Priority:   Normal
Is thread alive:   True
Background:        True
Thread Pool:       True
============================
[Log DEBUG] 26.05.2022 22:10:22
Additional info. List Mode: GetByID(). User Chat Id:406863197.
============================
GetByID: object with ID 406863197 is found. It's Mike.
============================
Thread information:
Thread ID:         11
Thread State:      Background
Thread Priority:   Normal
Is thread alive:   True
Background:        True
Thread Pool:       True
============================
[Log INFO] 26.05.2022 22:10:24
============================
Telegram Update Type: CallbackQuery
ID:406863197
Message:/sushi-baked
Username:
First Name:FastFood_Bot. Last Name:.
============================
Thread information:
Thread ID:         14
Thread State:      Background
Thread Priority:   Normal
Is thread alive:   True
Background:        True
Thread Pool:       True
============================
[Log DEBUG] 26.05.2022 22:10:24
Additional info. List Mode: GetByID(). User Chat Id:406863197.
============================
GetByID: object with ID 406863197 is found. It's Mike.
============================
Thread information:
Thread ID:         14
Thread State:      Background
Thread Priority:   Normal
Is thread alive:   True
Background:        True
Thread Pool:       True
============================
[Log DEBUG] 26.05.2022 22:10:24
Additional info. List Mode: GetByID(). User Chat Id:406863197.
============================
GetByID: object with ID 406863197 is found. It's Mike.
============================
Thread information:
Thread ID:         14
Thread State:      Background
Thread Priority:   Normal
Is thread alive:   True
Background:        True
Thread Pool:       True
============================
[Log DEBUG] 26.05.2022 22:10:24
Additional info. List Mode: GetByID(). User Chat Id:406863197.
============================
GetByID: object with ID 406863197 is found. It's Mike.
============================
Thread information:
Thread ID:         14
Thread State:      Background
Thread Priority:   Normal
Is thread alive:   True
Background:        True
Thread Pool:       True
============================
[Log DEBUG] 26.05.2022 22:10:24
Additional info. List Mode: GetByID(). User Chat Id:406863197.
============================
GetByID: object with ID 406863197 is found. It's Mike.
============================
Thread information:
Thread ID:         14
Thread State:      Background
Thread Priority:   Normal
Is thread alive:   True
Background:        True
Thread Pool:       True
============================
[Log INFO] 26.05.2022 22:10:33
============================
Telegram Update Type: CallbackQuery
ID:406863197
Message:/cart id*1e9867ac-4211-4d52-a56b-507d7e5f2362
Username:
First Name:FastFood_Bot. Last Name:.
============================
Thread information:
Thread ID:         11
Thread State:      Background
Thread Priority:   Normal
Is thread alive:   True
Background:        True
Thread Pool:       True
============================
[Log DEBUG] 26.05.2022 22:10:33
Additional info. List Mode: GetByID(). User Chat Id:406863197.
============================
GetByID: object with ID 406863197 is found. It's Mike.
============================
Thread information:
Thread ID:         11
Thread State:      Background
Thread Priority:   Normal
Is thread alive:   True
Background:        True
Thread Pool:       True
============================
[Log DEBUG] 26.05.2022 22:10:33
Additional info. List Mode: GetByID(). User Chat Id:406863197.
============================
GetByID: object with ID 406863197 is found. It's Mike.
============================
Thread information:
Thread ID:         11
Thread State:      Background
Thread Priority:   Normal
Is thread alive:   True
Background:        True
Thread Pool:       True
============================
[Log INFO] 26.05.2022 22:10:36
============================
Telegram Update Type: Message
ID:406863197
Message:2
Username:
First Name:Mike. Last Name:N..
============================
Thread information:
Thread ID:         11
Thread State:      Background
Thread Priority:   Normal
Is thread alive:   True
Background:        True
Thread Pool:       True
============================
[Log DEBUG] 26.05.2022 22:10:36
Additional info. List Mode: GetByID(). User Chat Id:406863197.
============================
GetByID: object with ID 406863197 is found. It's Mike.
============================
Thread information:
Thread ID:         11
Thread State:      Background
Thread Priority:   Normal
Is thread alive:   True
Background:        True
Thread Pool:       True
============================
[Log DEBUG] 26.05.2022 22:10:36
Additional info. List Mode: GetByID(). User Chat Id:406863197.
============================
GetByID: object with ID 406863197 is found. It's Mike.
============================
Thread information:
Thread ID:         11
Thread State:      Background
Thread Priority:   Normal
Is thread alive:   True
Background:        True
Thread Pool:       True
============================
[Log INFO] 26.05.2022 22:10:40
============================
Telegram Update Type: Message
ID:406863197
Message:/up
Username:
First Name:Mike. Last Name:N..
============================
Thread information:
Thread ID:         14
Thread State:      Background
Thread Priority:   Normal
Is thread alive:   True
Background:        True
Thread Pool:       True
============================
[Log DEBUG] 26.05.2022 22:10:40
Additional info. List Mode: GetByID(). User Chat Id:406863197.
============================
GetByID: object with ID 406863197 is found. It's Mike.
============================
Thread information:
Thread ID:         14
Thread State:      Background
Thread Priority:   Normal
Is thread alive:   True
Background:        True
Thread Pool:       True
============================
[Log DEBUG] 26.05.2022 22:10:40
Additional info. List Mode: GetByID(). User Chat Id:406863197.
============================
GetByID: object with ID 406863197 is found. It's Mike.
============================
Thread information:
Thread ID:         14
Thread State:      Background
Thread Priority:   Normal
Is thread alive:   True
Background:        True
Thread Pool:       True
============================
[Log INFO] 26.05.2022 22:10:43
============================
Telegram Update Type: CallbackQuery
ID:406863197
Message:/sushi
Username:
First Name:FastFood_Bot. Last Name:.
============================
Thread information:
Thread ID:         11
Thread State:      Background
Thread Priority:   Normal
Is thread alive:   True
Background:        True
Thread Pool:       True
============================
[Log DEBUG] 26.05.2022 22:10:43
Additional info. List Mode: GetByID(). User Chat Id:406863197.
============================
GetByID: object with ID 406863197 is found. It's Mike.
============================
Thread information:
Thread ID:         11
Thread State:      Background
Thread Priority:   Normal
Is thread alive:   True
Background:        True
Thread Pool:       True
============================
[Log DEBUG] 26.05.2022 22:10:43
Additional info. List Mode: GetByID(). User Chat Id:406863197.
============================
GetByID: object with ID 406863197 is found. It's Mike.
============================
Thread information:
Thread ID:         11
Thread State:      Background
Thread Priority:   Normal
Is thread alive:   True
Background:        True
Thread Pool:       True
============================
[Log INFO] 26.05.2022 22:10:45
============================
Telegram Update Type: CallbackQuery
ID:406863197
Message:/sushi-sauces
Username:
First Name:FastFood_Bot. Last Name:.
============================
Thread information:
Thread ID:         14
Thread State:      Background
Thread Priority:   Normal
Is thread alive:   True
Background:        True
Thread Pool:       True
============================
[Log DEBUG] 26.05.2022 22:10:45
Additional info. List Mode: GetByID(). User Chat Id:406863197.
============================
GetByID: object with ID 406863197 is found. It's Mike.
============================
Thread information:
Thread ID:         14
Thread State:      Background
Thread Priority:   Normal
Is thread alive:   True
Background:        True
Thread Pool:       True
============================
[Log DEBUG] 26.05.2022 22:10:45
Additional info. List Mode: GetByID(). User Chat Id:406863197.
============================
GetByID: object with ID 406863197 is found. It's Mike.
============================
Thread information:
Thread ID:         14
Thread State:      Background
Thread Priority:   Normal
Is thread alive:   True
Background:        True
Thread Pool:       True
============================
[Log DEBUG] 26.05.2022 22:10:45
Additional info. List Mode: GetByID(). User Chat Id:406863197.
============================
GetByID: object with ID 406863197 is found. It's Mike.
============================
Thread information:
Thread ID:         14
Thread State:      Background
Thread Priority:   Normal
Is thread alive:   True
Background:        True
Thread Pool:       True
============================
[Log DEBUG] 26.05.2022 22:10:45
Additional info. List Mode: GetByID(). User Chat Id:406863197.
============================
GetByID: object with ID 406863197 is found. It's Mike.
============================
Thread information:
Thread ID:         14
Thread State:      Background
Thread Priority:   Normal
Is thread alive:   True
Background:        True
Thread Pool:       True
============================
[Log INFO] 26.05.2022 22:10:50
============================
Telegram Update Type: CallbackQuery
ID:406863197
Message:/cart id*05736b72-b608-4daf-9a47-6703b33b9a71
Username:
First Name:FastFood_Bot. Last Name:.
============================
Thread information:
Thread ID:         11
Thread State:      Background
Thread Priority:   Normal
Is thread alive:   True
Background:        True
Thread Pool:       True
============================
[Log DEBUG] 26.05.2022 22:10:50
Additional info. List Mode: GetByID(). User Chat Id:406863197.
============================
GetByID: object with ID 406863197 is found. It's Mike.
============================
Thread information:
Thread ID:         11
Thread State:      Background
Thread Priority:   Normal
Is thread alive:   True
Background:        True
Thread Pool:       True
============================
[Log DEBUG] 26.05.2022 22:10:50
Additional info. List Mode: GetByID(). User Chat Id:406863197.
============================
GetByID: object with ID 406863197 is found. It's Mike.
============================
Thread information:
Thread ID:         11
Thread State:      Background
Thread Priority:   Normal
Is thread alive:   True
Background:        True
Thread Pool:       True
============================
[Log INFO] 26.05.2022 22:10:52
============================
Telegram Update Type: Message
ID:406863197
Message:3
Username:
First Name:Mike. Last Name:N..
============================
Thread information:
Thread ID:         11
Thread State:      Background
Thread Priority:   Normal
Is thread alive:   True
Background:        True
Thread Pool:       True
============================
[Log DEBUG] 26.05.2022 22:10:52
Additional info. List Mode: GetByID(). User Chat Id:406863197.
============================
GetByID: object with ID 406863197 is found. It's Mike.
============================
Thread information:
Thread ID:         11
Thread State:      Background
Thread Priority:   Normal
Is thread alive:   True
Background:        True
Thread Pool:       True
============================
[Log DEBUG] 26.05.2022 22:10:52
Additional info. List Mode: GetByID(). User Chat Id:406863197.
============================
GetByID: object with ID 406863197 is found. It's Mike.
============================
Thread information:
Thread ID:         11
Thread State:      Background
Thread Priority:   Normal
Is thread alive:   True
Background:        True
Thread Pool:       True
============================
[Log INFO] 26.05.2022 22:10:58
============================
Telegram Update Type: Message
ID:406863197
Message:/fried
Username:
First Name:Mike. Last Name:N..
============================
Thread information:
Thread ID:         14
Thread State:      Background
Thread Priority:   Normal
Is thread alive:   True
Background:        True
Thread Pool:       True
============================
[Log DEBUG] 26.05.2022 22:10:58
Additional info. List Mode: GetByID(). User Chat Id:406863197.
============================
GetByID: object with ID 406863197 is found. It's Mike.
============================
Thread information:
Thread ID:         14
Thread State:      Background
Thread Priority:   Normal
Is thread alive:   True
Background:        True
Thread Pool:       True
============================
[Log DEBUG] 26.05.2022 22:10:58
Additional info. List Mode: GetByID(). User Chat Id:406863197.
============================
GetByID: object with ID 406863197 is found. It's Mike.
============================
Thread information:
Thread ID:         14
Thread State:      Background
Thread Priority:   Normal
Is thread alive:   True
Background:        True
Thread Pool:       True
============================
[Log DEBUG] 26.05.2022 22:10:58
Additional info. List Mode: GetByID(). User Chat Id:406863197.
============================
GetByID: object with ID 406863197 is found. It's Mike.
============================
Thread information:
Thread ID:         14
Thread State:      Background
Thread Priority:   Normal
Is thread alive:   True
Background:        True
Thread Pool:       True
============================
[Log DEBUG] 26.05.2022 22:10:58
Additional info. List Mode: GetByID(). User Chat Id:406863197.
============================
GetByID: object with ID 406863197 is found. It's Mike.
============================
Thread information:
Thread ID:         14
Thread State:      Background
Thread Priority:   Normal
Is thread alive:   True
Background:        True
Thread Pool:       True
============================
[Log INFO] 26.05.2022 22:11:05
============================
Telegram Update Type: CallbackQuery
ID:406863197
Message:/cart id*e8b0558c-d879-4491-a463-20fe50b93a8f
Username:
First Name:FastFood_Bot. Last Name:.
============================
Thread information:
Thread ID:         11
Thread State:      Background
Thread Priority:   Normal
Is thread alive:   True
Background:        True
Thread Pool:       True
============================
[Log DEBUG] 26.05.2022 22:11:05
Additional info. List Mode: GetByID(). User Chat Id:406863197.
============================
GetByID: object with ID 406863197 is found. It's Mike.
============================
Thread information:
Thread ID:         11
Thread State:      Background
Thread Priority:   Normal
Is thread alive:   True
Background:        True
Thread Pool:       True
============================
[Log DEBUG] 26.05.2022 22:11:05
Additional info. List Mode: GetByID(). User Chat Id:406863197.
============================
GetByID: object with ID 406863197 is found. It's Mike.
============================
Thread information:
Thread ID:         11
Thread State:      Background
Thread Priority:   Normal
Is thread alive:   True
Background:        True
Thread Pool:       True
============================
[Log INFO] 26.05.2022 22:11:09
============================
Telegram Update Type: Message
ID:406863197
Message:3
Username:
First Name:Mike. Last Name:N..
============================
Thread information:
Thread ID:         11
Thread State:      Background
Thread Priority:   Normal
Is thread alive:   True
Background:        True
Thread Pool:       True
============================
[Log DEBUG] 26.05.2022 22:11:09
Additional info. List Mode: GetByID(). User Chat Id:406863197.
============================
GetByID: object with ID 406863197 is found. It's Mike.
============================
Thread information:
Thread ID:         11
Thread State:      Background
Thread Priority:   Normal
Is thread alive:   True
Background:        True
Thread Pool:       True
============================
[Log DEBUG] 26.05.2022 22:11:09
Additional info. List Mode: GetByID(). User Chat Id:406863197.
============================
GetByID: object with ID 406863197 is found. It's Mike.
============================
Thread information:
Thread ID:         11
Thread State:      Background
Thread Priority:   Normal
Is thread alive:   True
Background:        True
Thread Pool:       True
============================
[Log INFO] 26.05.2022 22:11:23
============================
Telegram Update Type: CallbackQuery
ID:1788879993
Message:/up
Username:jyjyhh
First Name:FastFood_Bot. Last Name:.
============================
Thread information:
Thread ID:         11
Thread State:      Background
Thread Priority:   Normal
Is thread alive:   True
Background:        True
Thread Pool:       True
============================
[Log DEBUG] 26.05.2022 22:11:23
Additional info. List Mode: GetByID(). User Chat Id:1788879993.
============================
GetByID: object with ID 1788879993 is found. It's Vlad.
============================
Thread information:
Thread ID:         11
Thread State:      Background
Thread Priority:   Normal
Is thread alive:   True
Background:        True
Thread Pool:       True
============================
[Log DEBUG] 26.05.2022 22:11:23
Additional info. List Mode: GetByID(). User Chat Id:1788879993.
============================
GetByID: object with ID 1788879993 is found. It's Vlad.
============================
Thread information:
Thread ID:         11
Thread State:      Background
Thread Priority:   Normal
Is thread alive:   True
Background:        True
Thread Pool:       True
============================
[Log INFO] 26.05.2022 22:11:26
============================
Telegram Update Type: CallbackQuery
ID:1788879993
Message:/view
Username:jyjyhh
First Name:FastFood_Bot. Last Name:.
============================
Thread information:
Thread ID:         14
Thread State:      Background
Thread Priority:   Normal
Is thread alive:   True
Background:        True
Thread Pool:       True
============================
[Log DEBUG] 26.05.2022 22:11:26
Additional info. List Mode: GetByID(). User Chat Id:1788879993.
============================
GetByID: object with ID 1788879993 is found. It's Vlad.
============================
Thread information:
Thread ID:         14
Thread State:      Background
Thread Priority:   Normal
Is thread alive:   True
Background:        True
Thread Pool:       True
============================
[Log DEBUG] 26.05.2022 22:11:26
Additional info. List Mode: GetByID(). User Chat Id:1788879993.
============================
GetByID: object with ID 1788879993 is found. It's Vlad.
============================
Thread information:
Thread ID:         14
Thread State:      Background
Thread Priority:   Normal
Is thread alive:   True
Background:        True
Thread Pool:       True
============================
[Log INFO] 26.05.2022 22:11:27
============================
Telegram Update Type: CallbackQuery
ID:1788879993
Message:/drink
Username:jyjyhh
First Name:FastFood_Bot. Last Name:.
============================
Thread information:
Thread ID:         11
Thread State:      Background
Thread Priority:   Normal
Is thread alive:   True
Background:        True
Thread Pool:       True
============================
[Log DEBUG] 26.05.2022 22:11:27
Additional info. List Mode: GetByID(). User Chat Id:1788879993.
============================
GetByID: object with ID 1788879993 is found. It's Vlad.
============================
Thread information:
Thread ID:         11
Thread State:      Background
Thread Priority:   Normal
Is thread alive:   True
Background:        True
Thread Pool:       True
============================
[Log DEBUG] 26.05.2022 22:11:27
Additional info. List Mode: GetByID(). User Chat Id:1788879993.
============================
GetByID: object with ID 1788879993 is found. It's Vlad.
============================
Thread information:
Thread ID:         11
Thread State:      Background
Thread Priority:   Normal
Is thread alive:   True
Background:        True
Thread Pool:       True
============================
[Log DEBUG] 26.05.2022 22:11:27
Additional info. List Mode: GetByID(). User Chat Id:1788879993.
============================
GetByID: object with ID 1788879993 is found. It's Vlad.
============================
Thread information:
Thread ID:         11
Thread State:      Background
Thread Priority:   Normal
Is thread alive:   True
Background:        True
Thread Pool:       True
============================
[Log DEBUG] 26.05.2022 22:11:27
Additional info. List Mode: GetByID(). User Chat Id:1788879993.
============================
GetByID: object with ID 1788879993 is found. It's Vlad.
============================
Thread information:
Thread ID:         11
Thread State:      Background
Thread Priority:   Normal
Is thread alive:   True
Background:        True
Thread Pool:       True
============================
[Log INFO] 26.05.2022 22:11:32
============================
Telegram Update Type: CallbackQuery
ID:1788879993
Message:/cart id*5955c5a1-735e-4b1e-85c4-fc05376cdbbc
Username:jyjyhh
First Name:FastFood_Bot. Last Name:.
============================
Thread information:
Thread ID:         11
Thread State:      Background
Thread Priority:   Normal
Is thread alive:   True
Background:        True
Thread Pool:       True
============================
[Log DEBUG] 26.05.2022 22:11:32
Additional info. List Mode: GetByID(). User Chat Id:1788879993.
============================
GetByID: object with ID 1788879993 is found. It's Vlad.
============================
Thread information:
Thread ID:         11
Thread State:      Background
Thread Priority:   Normal
Is thread alive:   True
Background:        True
Thread Pool:       True
============================
[Log DEBUG] 26.05.2022 22:11:32
Additional info. List Mode: GetByID(). User Chat Id:1788879993.
============================
GetByID: object with ID 1788879993 is found. It's Vlad.
============================
Thread information:
Thread ID:         11
Thread State:      Background
Thread Priority:   Normal
Is thread alive:   True
Background:        True
Thread Pool:       True
============================
[Log INFO] 26.05.2022 22:11:37
============================
Telegram Update Type: Message
ID:1788879993
Message:2
Username:jyjyhh
First Name:VLAD. Last Name:.
============================
Thread information:
Thread ID:         11
Thread State:      Background
Thread Priority:   Normal
Is thread alive:   True
Background:        True
Thread Pool:       True
============================
[Log DEBUG] 26.05.2022 22:11:37
Additional info. List Mode: GetByID(). User Chat Id:1788879993.
============================
GetByID: object with ID 1788879993 is found. It's Vlad.
============================
Thread information:
Thread ID:         11
Thread State:      Background
Thread Priority:   Normal
Is thread alive:   True
Background:        True
Thread Pool:       True
============================
[Log DEBUG] 26.05.2022 22:11:37
Additional info. List Mode: GetByID(). User Chat Id:1788879993.
============================
GetByID: object with ID 1788879993 is found. It's Vlad.
============================
Thread information:
Thread ID:         11
Thread State:      Background
Thread Priority:   Normal
Is thread alive:   True
Background:        True
Thread Pool:       True
============================
[Log INFO] 26.05.2022 22:11:45
============================
Telegram Update Type: CallbackQuery
ID:1788879993
Message:/fried
Username:jyjyhh
First Name:FastFood_Bot. Last Name:.
============================
Thread information:
Thread ID:         14
Thread State:      Background
Thread Priority:   Normal
Is thread alive:   True
Background:        True
Thread Pool:       True
============================
[Log DEBUG] 26.05.2022 22:11:45
Additional info. List Mode: GetByID(). User Chat Id:1788879993.
============================
GetByID: object with ID 1788879993 is found. It's Vlad.
============================
Thread information:
Thread ID:         14
Thread State:      Background
Thread Priority:   Normal
Is thread alive:   True
Background:        True
Thread Pool:       True
============================
[Log DEBUG] 26.05.2022 22:11:45
Additional info. List Mode: GetByID(). User Chat Id:1788879993.
============================
GetByID: object with ID 1788879993 is found. It's Vlad.
============================
Thread information:
Thread ID:         14
Thread State:      Background
Thread Priority:   Normal
Is thread alive:   True
Background:        True
Thread Pool:       True
============================
[Log DEBUG] 26.05.2022 22:11:45
Additional info. List Mode: GetByID(). User Chat Id:1788879993.
============================
GetByID: object with ID 1788879993 is found. It's Vlad.
============================
Thread information:
Thread ID:         14
Thread State:      Background
Thread Priority:   Normal
Is thread alive:   True
Background:        True
Thread Pool:       True
============================
[Log DEBUG] 26.05.2022 22:11:45
Additional info. List Mode: GetByID(). User Chat Id:1788879993.
============================
GetByID: object with ID 1788879993 is found. It's Vlad.
============================
Thread information:
Thread ID:         14
Thread State:      Background
Thread Priority:   Normal
Is thread alive:   True
Background:        True
Thread Pool:       True
============================
[Log INFO] 26.05.2022 22:11:54
============================
Telegram Update Type: CallbackQuery
ID:1788879993
Message:/cart id*400a68ad-654d-4f9f-af29-2179f4d97734
Username:jyjyhh
First Name:FastFood_Bot. Last Name:.
============================
Thread information:
Thread ID:         11
Thread State:      Background
Thread Priority:   Normal
Is thread alive:   True
Background:        True
Thread Pool:       True
============================
[Log DEBUG] 26.05.2022 22:11:54
Additional info. List Mode: GetByID(). User Chat Id:1788879993.
============================
GetByID: object with ID 1788879993 is found. It's Vlad.
============================
Thread information:
Thread ID:         11
Thread State:      Background
Thread Priority:   Normal
Is thread alive:   True
Background:        True
Thread Pool:       True
============================
[Log DEBUG] 26.05.2022 22:11:54
Additional info. List Mode: GetByID(). User Chat Id:1788879993.
============================
GetByID: object with ID 1788879993 is found. It's Vlad.
============================
Thread information:
Thread ID:         11
Thread State:      Background
Thread Priority:   Normal
Is thread alive:   True
Background:        True
Thread Pool:       True
============================
[Log INFO] 26.05.2022 22:12:01
============================
Telegram Update Type: Message
ID:1788879993
Message:2
Username:jyjyhh
First Name:VLAD. Last Name:.
============================
Thread information:
Thread ID:         11
Thread State:      Background
Thread Priority:   Normal
Is thread alive:   True
Background:        True
Thread Pool:       True
============================
[Log DEBUG] 26.05.2022 22:12:01
Additional info. List Mode: GetByID(). User Chat Id:1788879993.
============================
GetByID: object with ID 1788879993 is found. It's Vlad.
============================
Thread information:
Thread ID:         11
Thread State:      Background
Thread Priority:   Normal
Is thread alive:   True
Background:        True
Thread Pool:       True
============================
